{"C:\\Users\\NoUse\\OneDrive\\Documents\\GitHub\\mtgartistconnection.webservice\\src\\app.ts": {"path":"C:\\Users\\NoUse\\OneDrive\\Documents\\GitHub\\mtgartistconnection.webservice\\src\\app.ts","statementMap":{"0":{"start":{"line":1,"column":0},"end":{"line":1,"column":30}},"1":{"start":{"line":2,"column":0},"end":{"line":2,"column":38}},"2":{"start":{"line":3,"column":0},"end":{"line":3,"column":28}},"3":{"start":{"line":4,"column":0},"end":{"line":4,"column":32}},"4":{"start":{"line":5,"column":0},"end":{"line":5,"column":55}},"5":{"start":{"line":6,"column":0},"end":{"line":6,"column":46}},"6":{"start":{"line":7,"column":0},"end":{"line":7,"column":41}},"7":{"start":{"line":8,"column":0},"end":{"line":8,"column":24}},"8":{"start":{"line":9,"column":0},"end":{"line":9,"column":29}},"9":{"start":{"line":10,"column":0},"end":{"line":10,"column":70}},"10":{"start":{"line":11,"column":0},"end":{"line":11,"column":85}},"11":{"start":{"line":12,"column":0},"end":{"line":12,"column":51}},"12":{"start":{"line":13,"column":0},"end":{"line":13,"column":52}},"13":{"start":{"line":14,"column":0},"end":{"line":14,"column":62}},"14":{"start":{"line":15,"column":0},"end":{"line":15,"column":66}},"15":{"start":{"line":16,"column":0},"end":{"line":16,"column":70}},"16":{"start":{"line":17,"column":0},"end":{"line":17,"column":60}},"17":{"start":{"line":18,"column":0},"end":{"line":18,"column":45}},"18":{"start":{"line":21,"column":0},"end":{"line":21,"column":9}},"19":{"start":{"line":23,"column":12},"end":{"line":23,"column":21}},"20":{"start":{"line":25,"column":0},"end":{"line":25,"column":23}},"21":{"start":{"line":28,"column":0},"end":{"line":28,"column":41}},"22":{"start":{"line":29,"column":0},"end":{"line":29,"column":63}},"23":{"start":{"line":32,"column":23},"end":{"line":34,"column":8}},"24":{"start":{"line":33,"column":55},"end":{"line":33,"column":68}},"25":{"start":{"line":35,"column":0},"end":{"line":49,"column":4}},"26":{"start":{"line":38,"column":8},"end":{"line":38,"column":49}},"27":{"start":{"line":38,"column":21},"end":{"line":38,"column":49}},"28":{"start":{"line":41,"column":8},"end":{"line":46,"column":9}},"29":{"start":{"line":42,"column":12},"end":{"line":42,"column":33}},"30":{"start":{"line":44,"column":12},"end":{"line":44,"column":58}},"31":{"start":{"line":45,"column":12},"end":{"line":45,"column":55}},"32":{"start":{"line":50,"column":0},"end":{"line":50,"column":18}},"33":{"start":{"line":52,"column":0},"end":{"line":59,"column":3}},"34":{"start":{"line":53,"column":23},"end":{"line":53,"column":74}},"35":{"start":{"line":54,"column":4},"end":{"line":57,"column":6}},"36":{"start":{"line":58,"column":4},"end":{"line":58,"column":11}},"37":{"start":{"line":61,"column":0},"end":{"line":61,"column":39}},"38":{"start":{"line":63,"column":0},"end":{"line":71,"column":3}},"39":{"start":{"line":64,"column":4},"end":{"line":64,"column":27}},"40":{"start":{"line":65,"column":4},"end":{"line":70,"column":6}},"41":{"start":{"line":73,"column":0},"end":{"line":73,"column":24}},"42":{"start":{"line":74,"column":0},"end":{"line":82,"column":5}},"43":{"start":{"line":74,"column":42},"end":{"line":82,"column":2}},"44":{"start":{"line":84,"column":0},"end":{"line":156,"column":30}},"45":{"start":{"line":87,"column":8},"end":{"line":87,"column":34}},"46":{"start":{"line":88,"column":8},"end":{"line":88,"column":45}},"47":{"start":{"line":92,"column":8},"end":{"line":99,"column":11}},"48":{"start":{"line":93,"column":12},"end":{"line":93,"column":65}},"49":{"start":{"line":94,"column":12},"end":{"line":98,"column":13}},"50":{"start":{"line":95,"column":16},"end":{"line":95,"column":39}},"51":{"start":{"line":97,"column":16},"end":{"line":97,"column":72}},"52":{"start":{"line":100,"column":8},"end":{"line":100,"column":77}},"53":{"start":{"line":103,"column":8},"end":{"line":110,"column":11}},"54":{"start":{"line":104,"column":12},"end":{"line":104,"column":64}},"55":{"start":{"line":105,"column":12},"end":{"line":109,"column":13}},"56":{"start":{"line":106,"column":16},"end":{"line":106,"column":44}},"57":{"start":{"line":108,"column":16},"end":{"line":108,"column":71}},"58":{"start":{"line":111,"column":8},"end":{"line":111,"column":76}},"59":{"start":{"line":114,"column":8},"end":{"line":121,"column":11}},"60":{"start":{"line":115,"column":12},"end":{"line":115,"column":66}},"61":{"start":{"line":116,"column":12},"end":{"line":120,"column":13}},"62":{"start":{"line":117,"column":16},"end":{"line":117,"column":46}},"63":{"start":{"line":119,"column":16},"end":{"line":119,"column":73}},"64":{"start":{"line":122,"column":8},"end":{"line":122,"column":82}},"65":{"start":{"line":125,"column":8},"end":{"line":132,"column":11}},"66":{"start":{"line":126,"column":12},"end":{"line":126,"column":69}},"67":{"start":{"line":127,"column":12},"end":{"line":131,"column":13}},"68":{"start":{"line":128,"column":16},"end":{"line":128,"column":48}},"69":{"start":{"line":130,"column":16},"end":{"line":130,"column":76}},"70":{"start":{"line":133,"column":8},"end":{"line":133,"column":81}},"71":{"start":{"line":136,"column":8},"end":{"line":139,"column":9}},"72":{"start":{"line":137,"column":12},"end":{"line":137,"column":95}},"73":{"start":{"line":138,"column":12},"end":{"line":138,"column":90}},"74":{"start":{"line":138,"column":46},"end":{"line":138,"column":88}},"75":{"start":{"line":142,"column":8},"end":{"line":149,"column":11}},"76":{"start":{"line":143,"column":12},"end":{"line":143,"column":65}},"77":{"start":{"line":144,"column":12},"end":{"line":148,"column":13}},"78":{"start":{"line":145,"column":16},"end":{"line":145,"column":43}},"79":{"start":{"line":147,"column":16},"end":{"line":147,"column":70}},"80":{"start":{"line":150,"column":8},"end":{"line":150,"column":80}},"81":{"start":{"line":152,"column":8},"end":{"line":154,"column":6}},"82":{"start":{"line":153,"column":14},"end":{"line":153,"column":68}},"83":{"start":{"line":156,"column":12},"end":{"line":156,"column":28}}},"fnMap":{"0":{"name":"(anonymous_1)","decl":{"start":{"line":33,"column":45},"end":{"line":33,"column":51}},"loc":{"start":{"line":33,"column":55},"end":{"line":33,"column":68}}},"1":{"name":"(anonymous_2)","decl":{"start":{"line":36,"column":12},"end":{"line":36,"column":13}},"loc":{"start":{"line":36,"column":33},"end":{"line":47,"column":5}}},"2":{"name":"(anonymous_3)","decl":{"start":{"line":52,"column":20},"end":{"line":52,"column":21}},"loc":{"start":{"line":52,"column":39},"end":{"line":59,"column":1}}},"3":{"name":"(anonymous_4)","decl":{"start":{"line":63,"column":37},"end":{"line":63,"column":38}},"loc":{"start":{"line":63,"column":51},"end":{"line":71,"column":1}}},"4":{"name":"(anonymous_5)","decl":{"start":{"line":74,"column":32},"end":{"line":74,"column":33}},"loc":{"start":{"line":74,"column":42},"end":{"line":82,"column":2}}},"5":{"name":"(anonymous_6)","decl":{"start":{"line":85,"column":10},"end":{"line":85,"column":13}},"loc":{"start":{"line":85,"column":15},"end":{"line":155,"column":1}}},"6":{"name":"(anonymous_7)","decl":{"start":{"line":92,"column":36},"end":{"line":92,"column":41}},"loc":{"start":{"line":92,"column":47},"end":{"line":99,"column":9}}},"7":{"name":"(anonymous_8)","decl":{"start":{"line":103,"column":36},"end":{"line":103,"column":41}},"loc":{"start":{"line":103,"column":47},"end":{"line":110,"column":9}}},"8":{"name":"(anonymous_9)","decl":{"start":{"line":114,"column":35},"end":{"line":114,"column":40}},"loc":{"start":{"line":114,"column":46},"end":{"line":121,"column":9}}},"9":{"name":"(anonymous_10)","decl":{"start":{"line":125,"column":36},"end":{"line":125,"column":41}},"loc":{"start":{"line":125,"column":47},"end":{"line":132,"column":9}}},"10":{"name":"(anonymous_11)","decl":{"start":{"line":138,"column":39},"end":{"line":138,"column":42}},"loc":{"start":{"line":138,"column":46},"end":{"line":138,"column":88}}},"11":{"name":"(anonymous_12)","decl":{"start":{"line":142,"column":37},"end":{"line":142,"column":42}},"loc":{"start":{"line":142,"column":48},"end":{"line":149,"column":9}}},"12":{"name":"(anonymous_13)","decl":{"start":{"line":153,"column":8},"end":{"line":153,"column":11}},"loc":{"start":{"line":153,"column":14},"end":{"line":153,"column":68}}},"13":{"name":"(anonymous_14)","decl":{"start":{"line":156,"column":7},"end":{"line":156,"column":10}},"loc":{"start":{"line":156,"column":12},"end":{"line":156,"column":28}}}},"branchMap":{"0":{"loc":{"start":{"line":32,"column":23},"end":{"line":34,"column":8}},"type":"cond-expr","locations":[{"start":{"line":33,"column":6},"end":{"line":33,"column":69}},{"start":{"line":34,"column":6},"end":{"line":34,"column":8}}]},"1":{"loc":{"start":{"line":38,"column":8},"end":{"line":38,"column":49}},"type":"if","locations":[{"start":{"line":38,"column":8},"end":{"line":38,"column":49}}]},"2":{"loc":{"start":{"line":41,"column":8},"end":{"line":46,"column":9}},"type":"if","locations":[{"start":{"line":41,"column":8},"end":{"line":46,"column":9}},{"start":{"line":43,"column":15},"end":{"line":46,"column":9}}]},"3":{"loc":{"start":{"line":56,"column":8},"end":{"line":56,"column":83}},"type":"cond-expr","locations":[{"start":{"line":56,"column":21},"end":{"line":56,"column":31}},{"start":{"line":56,"column":34},"end":{"line":56,"column":83}}]},"4":{"loc":{"start":{"line":136,"column":8},"end":{"line":139,"column":9}},"type":"if","locations":[{"start":{"line":136,"column":8},"end":{"line":139,"column":9}}]}},"s":{"0":0,"1":0,"2":0,"3":0,"4":0,"5":0,"6":0,"7":0,"8":0,"9":0,"10":0,"11":0,"12":0,"13":0,"14":0,"15":0,"16":0,"17":0,"18":0,"19":0,"20":0,"21":0,"22":0,"23":0,"24":0,"25":0,"26":0,"27":0,"28":0,"29":0,"30":0,"31":0,"32":0,"33":0,"34":0,"35":0,"36":0,"37":0,"38":0,"39":0,"40":0,"41":0,"42":0,"43":0,"44":0,"45":0,"46":0,"47":0,"48":0,"49":0,"50":0,"51":0,"52":0,"53":0,"54":0,"55":0,"56":0,"57":0,"58":0,"59":0,"60":0,"61":0,"62":0,"63":0,"64":0,"65":0,"66":0,"67":0,"68":0,"69":0,"70":0,"71":0,"72":0,"73":0,"74":0,"75":0,"76":0,"77":0,"78":0,"79":0,"80":0,"81":0,"82":0,"83":0},"f":{"0":0,"1":0,"2":0,"3":0,"4":0,"5":0,"6":0,"7":0,"8":0,"9":0,"10":0,"11":0,"12":0,"13":0},"b":{"0":[0,0],"1":[0],"2":[0,0],"3":[0,0],"4":[0]}}
,"C:\\Users\\NoUse\\OneDrive\\Documents\\GitHub\\mtgartistconnection.webservice\\src\\handlers\\handlers.ts": {"path":"C:\\Users\\NoUse\\OneDrive\\Documents\\GitHub\\mtgartistconnection.webservice\\src\\handlers\\handlers.ts","statementMap":{"0":{"start":{"line":1,"column":0},"end":{"line":1,"column":180}},"1":{"start":{"line":2,"column":0},"end":{"line":2,"column":406}},"2":{"start":{"line":3,"column":0},"end":{"line":3,"column":51}},"3":{"start":{"line":4,"column":0},"end":{"line":4,"column":68}},"4":{"start":{"line":5,"column":0},"end":{"line":5,"column":45}},"5":{"start":{"line":6,"column":0},"end":{"line":6,"column":62}},"6":{"start":{"line":7,"column":0},"end":{"line":7,"column":50}},"7":{"start":{"line":8,"column":0},"end":{"line":8,"column":54}},"8":{"start":{"line":9,"column":0},"end":{"line":9,"column":58}},"9":{"start":{"line":10,"column":0},"end":{"line":10,"column":44}},"10":{"start":{"line":11,"column":0},"end":{"line":11,"column":58}},"11":{"start":{"line":12,"column":0},"end":{"line":12,"column":50}},"12":{"start":{"line":13,"column":0},"end":{"line":13,"column":48}},"13":{"start":{"line":14,"column":0},"end":{"line":14,"column":46}},"14":{"start":{"line":15,"column":0},"end":{"line":15,"column":46}},"15":{"start":{"line":16,"column":0},"end":{"line":16,"column":50}},"16":{"start":{"line":17,"column":0},"end":{"line":17,"column":44}},"17":{"start":{"line":18,"column":0},"end":{"line":18,"column":46}},"18":{"start":{"line":19,"column":0},"end":{"line":19,"column":120}},"19":{"start":{"line":20,"column":0},"end":{"line":20,"column":60}},"20":{"start":{"line":21,"column":0},"end":{"line":21,"column":64}},"21":{"start":{"line":22,"column":0},"end":{"line":22,"column":68}},"22":{"start":{"line":23,"column":0},"end":{"line":23,"column":81}},"23":{"start":{"line":27,"column":24},"end":{"line":33,"column":2}},"24":{"start":{"line":35,"column":21},"end":{"line":55,"column":2}},"25":{"start":{"line":58,"column":4},"end":{"line":58,"column":47}},"26":{"start":{"line":58,"column":35},"end":{"line":58,"column":47}},"27":{"start":{"line":59,"column":17},"end":{"line":59,"column":88}},"28":{"start":{"line":60,"column":4},"end":{"line":60,"column":35}},"29":{"start":{"line":60,"column":23},"end":{"line":60,"column":35}},"30":{"start":{"line":61,"column":14},"end":{"line":61,"column":24}},"31":{"start":{"line":62,"column":4},"end":{"line":62,"column":34}},"32":{"start":{"line":63,"column":4},"end":{"line":63,"column":13}},"33":{"start":{"line":66,"column":18},"end":{"line":518,"column":2}},"34":{"start":{"line":73,"column":16},"end":{"line":73,"column":106}},"35":{"start":{"line":80,"column":31},"end":{"line":80,"column":61}},"36":{"start":{"line":81,"column":16},"end":{"line":81,"column":42}},"37":{"start":{"line":81,"column":28},"end":{"line":81,"column":42}},"38":{"start":{"line":82,"column":31},"end":{"line":86,"column":27}},"39":{"start":{"line":87,"column":16},"end":{"line":87,"column":48}},"40":{"start":{"line":88,"column":16},"end":{"line":88,"column":30}},"41":{"start":{"line":99,"column":34},"end":{"line":99,"column":67}},"42":{"start":{"line":100,"column":41},"end":{"line":109,"column":18}},"43":{"start":{"line":110,"column":16},"end":{"line":110,"column":42}},"44":{"start":{"line":120,"column":31},"end":{"line":120,"column":67}},"45":{"start":{"line":121,"column":16},"end":{"line":121,"column":42}},"46":{"start":{"line":121,"column":28},"end":{"line":121,"column":42}},"47":{"start":{"line":122,"column":32},"end":{"line":126,"column":27}},"48":{"start":{"line":127,"column":31},"end":{"line":133,"column":18}},"49":{"start":{"line":128,"column":32},"end":{"line":128,"column":33}},"50":{"start":{"line":129,"column":20},"end":{"line":129,"column":71}},"51":{"start":{"line":129,"column":60},"end":{"line":129,"column":71}},"52":{"start":{"line":130,"column":20},"end":{"line":130,"column":106}},"53":{"start":{"line":130,"column":95},"end":{"line":130,"column":106}},"54":{"start":{"line":131,"column":20},"end":{"line":131,"column":90}},"55":{"start":{"line":131,"column":79},"end":{"line":131,"column":90}},"56":{"start":{"line":132,"column":20},"end":{"line":132,"column":125}},"57":{"start":{"line":134,"column":16},"end":{"line":134,"column":54}},"58":{"start":{"line":135,"column":16},"end":{"line":135,"column":30}},"59":{"start":{"line":142,"column":16},"end":{"line":142,"column":108}},"60":{"start":{"line":149,"column":16},"end":{"line":149,"column":56}},"61":{"start":{"line":155,"column":16},"end":{"line":155,"column":41}},"62":{"start":{"line":161,"column":16},"end":{"line":161,"column":49}},"63":{"start":{"line":167,"column":16},"end":{"line":167,"column":53}},"64":{"start":{"line":174,"column":16},"end":{"line":174,"column":102}},"65":{"start":{"line":181,"column":16},"end":{"line":181,"column":112}},"66":{"start":{"line":188,"column":32},"end":{"line":191,"column":19}},"67":{"start":{"line":188,"column":91},"end":{"line":191,"column":18}},"68":{"start":{"line":193,"column":16},"end":{"line":193,"column":69}},"69":{"start":{"line":203,"column":36},"end":{"line":203,"column":119}},"70":{"start":{"line":205,"column":35},"end":{"line":209,"column":18}},"71":{"start":{"line":206,"column":61},"end":{"line":206,"column":89}},"72":{"start":{"line":211,"column":16},"end":{"line":213,"column":17}},"73":{"start":{"line":212,"column":20},"end":{"line":212,"column":60}},"74":{"start":{"line":215,"column":16},"end":{"line":215,"column":65}},"75":{"start":{"line":225,"column":36},"end":{"line":225,"column":119}},"76":{"start":{"line":227,"column":35},"end":{"line":231,"column":18}},"77":{"start":{"line":233,"column":16},"end":{"line":235,"column":17}},"78":{"start":{"line":234,"column":20},"end":{"line":234,"column":60}},"79":{"start":{"line":237,"column":16},"end":{"line":237,"column":65}},"80":{"start":{"line":243,"column":16},"end":{"line":243,"column":53}},"81":{"start":{"line":244,"column":16},"end":{"line":244,"column":112}},"82":{"start":{"line":250,"column":16},"end":{"line":250,"column":53}},"83":{"start":{"line":252,"column":16},"end":{"line":260,"column":17}},"84":{"start":{"line":253,"column":33},"end":{"line":253,"column":68}},"85":{"start":{"line":254,"column":20},"end":{"line":256,"column":21}},"86":{"start":{"line":255,"column":24},"end":{"line":255,"column":58}},"87":{"start":{"line":257,"column":20},"end":{"line":257,"column":32}},"88":{"start":{"line":259,"column":20},"end":{"line":259,"column":65}},"89":{"start":{"line":270,"column":16},"end":{"line":270,"column":72}},"90":{"start":{"line":271,"column":35},"end":{"line":271,"column":37}},"91":{"start":{"line":272,"column":16},"end":{"line":272,"column":76}},"92":{"start":{"line":272,"column":46},"end":{"line":272,"column":76}},"93":{"start":{"line":273,"column":16},"end":{"line":273,"column":88}},"94":{"start":{"line":285,"column":16},"end":{"line":288,"column":17}},"95":{"start":{"line":286,"column":39},"end":{"line":286,"column":60}},"96":{"start":{"line":287,"column":20},"end":{"line":287,"column":95}},"97":{"start":{"line":290,"column":16},"end":{"line":290,"column":72}},"98":{"start":{"line":291,"column":35},"end":{"line":291,"column":37}},"99":{"start":{"line":292,"column":16},"end":{"line":292,"column":76}},"100":{"start":{"line":292,"column":46},"end":{"line":292,"column":76}},"101":{"start":{"line":293,"column":16},"end":{"line":293,"column":79}},"102":{"start":{"line":293,"column":47},"end":{"line":293,"column":79}},"103":{"start":{"line":294,"column":16},"end":{"line":294,"column":91}},"104":{"start":{"line":303,"column":32},"end":{"line":303,"column":61}},"105":{"start":{"line":305,"column":16},"end":{"line":307,"column":17}},"106":{"start":{"line":306,"column":20},"end":{"line":306,"column":35}},"107":{"start":{"line":309,"column":16},"end":{"line":309,"column":72}},"108":{"start":{"line":310,"column":16},"end":{"line":310,"column":31}},"109":{"start":{"line":321,"column":30},"end":{"line":324,"column":18}},"110":{"start":{"line":325,"column":16},"end":{"line":325,"column":91}},"111":{"start":{"line":334,"column":16},"end":{"line":334,"column":53}},"112":{"start":{"line":335,"column":16},"end":{"line":338,"column":19}},"113":{"start":{"line":344,"column":16},"end":{"line":344,"column":53}},"114":{"start":{"line":345,"column":16},"end":{"line":354,"column":19}},"115":{"start":{"line":364,"column":16},"end":{"line":364,"column":72}},"116":{"start":{"line":365,"column":30},"end":{"line":365,"column":48}},"117":{"start":{"line":366,"column":35},"end":{"line":366,"column":78}},"118":{"start":{"line":368,"column":16},"end":{"line":375,"column":17}},"119":{"start":{"line":369,"column":33},"end":{"line":373,"column":22}},"120":{"start":{"line":374,"column":20},"end":{"line":374,"column":82}},"121":{"start":{"line":374,"column":49},"end":{"line":374,"column":79}},"122":{"start":{"line":377,"column":16},"end":{"line":384,"column":17}},"123":{"start":{"line":378,"column":33},"end":{"line":382,"column":22}},"124":{"start":{"line":383,"column":20},"end":{"line":383,"column":82}},"125":{"start":{"line":383,"column":49},"end":{"line":383,"column":79}},"126":{"start":{"line":386,"column":16},"end":{"line":404,"column":17}},"127":{"start":{"line":387,"column":42},"end":{"line":396,"column":22}},"128":{"start":{"line":397,"column":61},"end":{"line":397,"column":63}},"129":{"start":{"line":398,"column":20},"end":{"line":400,"column":23}},"130":{"start":{"line":399,"column":24},"end":{"line":399,"column":75}},"131":{"start":{"line":401,"column":20},"end":{"line":403,"column":65}},"132":{"start":{"line":402,"column":40},"end":{"line":402,"column":51}},"133":{"start":{"line":403,"column":48},"end":{"line":403,"column":62}},"134":{"start":{"line":406,"column":16},"end":{"line":430,"column":17}},"135":{"start":{"line":407,"column":36},"end":{"line":411,"column":22}},"136":{"start":{"line":412,"column":42},"end":{"line":421,"column":22}},"137":{"start":{"line":422,"column":61},"end":{"line":422,"column":63}},"138":{"start":{"line":423,"column":20},"end":{"line":426,"column":23}},"139":{"start":{"line":424,"column":36},"end":{"line":424,"column":129}},"140":{"start":{"line":425,"column":24},"end":{"line":425,"column":71}},"141":{"start":{"line":427,"column":20},"end":{"line":429,"column":65}},"142":{"start":{"line":428,"column":40},"end":{"line":428,"column":51}},"143":{"start":{"line":429,"column":48},"end":{"line":429,"column":62}},"144":{"start":{"line":432,"column":16},"end":{"line":432,"column":26}},"145":{"start":{"line":442,"column":16},"end":{"line":442,"column":72}},"146":{"start":{"line":443,"column":30},"end":{"line":443,"column":48}},"147":{"start":{"line":444,"column":35},"end":{"line":444,"column":78}},"148":{"start":{"line":445,"column":34},"end":{"line":445,"column":72}},"149":{"start":{"line":447,"column":38},"end":{"line":456,"column":18}},"150":{"start":{"line":458,"column":57},"end":{"line":458,"column":59}},"151":{"start":{"line":459,"column":16},"end":{"line":461,"column":19}},"152":{"start":{"line":460,"column":20},"end":{"line":460,"column":71}},"153":{"start":{"line":463,"column":31},"end":{"line":465,"column":40}},"154":{"start":{"line":464,"column":36},"end":{"line":464,"column":47}},"155":{"start":{"line":467,"column":36},"end":{"line":467,"column":64}},"156":{"start":{"line":467,"column":59},"end":{"line":467,"column":63}},"157":{"start":{"line":468,"column":32},"end":{"line":468,"column":107}},"158":{"start":{"line":469,"column":54},"end":{"line":469,"column":56}},"159":{"start":{"line":470,"column":17},"end":{"line":470,"column":89}},"160":{"start":{"line":470,"column":52},"end":{"line":470,"column":85}},"161":{"start":{"line":472,"column":16},"end":{"line":476,"column":20}},"162":{"start":{"line":472,"column":60},"end":{"line":476,"column":18}},"163":{"start":{"line":485,"column":16},"end":{"line":485,"column":72}},"164":{"start":{"line":486,"column":30},"end":{"line":486,"column":48}},"165":{"start":{"line":487,"column":35},"end":{"line":487,"column":78}},"166":{"start":{"line":489,"column":32},"end":{"line":493,"column":18}},"167":{"start":{"line":495,"column":38},"end":{"line":504,"column":18}},"168":{"start":{"line":506,"column":57},"end":{"line":506,"column":59}},"169":{"start":{"line":507,"column":16},"end":{"line":510,"column":19}},"170":{"start":{"line":508,"column":33},"end":{"line":508,"column":126}},"171":{"start":{"line":509,"column":20},"end":{"line":509,"column":69}},"172":{"start":{"line":512,"column":16},"end":{"line":514,"column":63}},"173":{"start":{"line":513,"column":36},"end":{"line":513,"column":60}},"174":{"start":{"line":514,"column":45},"end":{"line":514,"column":60}},"175":{"start":{"line":520,"column":18},"end":{"line":1690,"column":2}},"176":{"start":{"line":533,"column":16},"end":{"line":557,"column":17}},"177":{"start":{"line":534,"column":20},"end":{"line":534,"column":65}},"178":{"start":{"line":535,"column":20},"end":{"line":535,"column":76}},"179":{"start":{"line":535,"column":37},"end":{"line":535,"column":76}},"180":{"start":{"line":536,"column":46},"end":{"line":536,"column":64}},"181":{"start":{"line":538,"column":33},"end":{"line":538,"column":85}},"182":{"start":{"line":539,"column":38},"end":{"line":539,"column":55}},"183":{"start":{"line":542,"column":34},"end":{"line":542,"column":89}},"184":{"start":{"line":543,"column":41},"end":{"line":543,"column":103}},"185":{"start":{"line":546,"column":20},"end":{"line":548,"column":23}},"186":{"start":{"line":547,"column":24},"end":{"line":547,"column":76}},"187":{"start":{"line":550,"column":20},"end":{"line":554,"column":22}},"188":{"start":{"line":556,"column":20},"end":{"line":556,"column":70}},"189":{"start":{"line":569,"column":16},"end":{"line":586,"column":17}},"190":{"start":{"line":570,"column":20},"end":{"line":570,"column":63}},"191":{"start":{"line":571,"column":20},"end":{"line":571,"column":93}},"192":{"start":{"line":571,"column":39},"end":{"line":571,"column":93}},"193":{"start":{"line":572,"column":46},"end":{"line":572,"column":90}},"194":{"start":{"line":573,"column":20},"end":{"line":573,"column":81}},"195":{"start":{"line":573,"column":43},"end":{"line":573,"column":81}},"196":{"start":{"line":576,"column":34},"end":{"line":576,"column":95}},"197":{"start":{"line":577,"column":41},"end":{"line":577,"column":109}},"198":{"start":{"line":579,"column":20},"end":{"line":583,"column":22}},"199":{"start":{"line":585,"column":20},"end":{"line":585,"column":41}},"200":{"start":{"line":595,"column":16},"end":{"line":601,"column":17}},"201":{"start":{"line":596,"column":36},"end":{"line":596,"column":68}},"202":{"start":{"line":597,"column":34},"end":{"line":597,"column":77}},"203":{"start":{"line":598,"column":20},"end":{"line":598,"column":37}},"204":{"start":{"line":600,"column":20},"end":{"line":600,"column":94}},"205":{"start":{"line":658,"column":16},"end":{"line":658,"column":72}},"206":{"start":{"line":661,"column":16},"end":{"line":702,"column":17}},"207":{"start":{"line":662,"column":20},"end":{"line":662,"column":66}},"208":{"start":{"line":663,"column":20},"end":{"line":663,"column":80}},"209":{"start":{"line":663,"column":39},"end":{"line":663,"column":80}},"210":{"start":{"line":664,"column":35},"end":{"line":687,"column":26}},"211":{"start":{"line":688,"column":40},"end":{"line":688,"column":59}},"212":{"start":{"line":689,"column":20},"end":{"line":689,"column":44}},"213":{"start":{"line":692,"column":20},"end":{"line":697,"column":23}},"214":{"start":{"line":699,"column":20},"end":{"line":699,"column":39}},"215":{"start":{"line":701,"column":20},"end":{"line":701,"column":72}},"216":{"start":{"line":713,"column":16},"end":{"line":713,"column":72}},"217":{"start":{"line":715,"column":32},"end":{"line":715,"column":52}},"218":{"start":{"line":717,"column":16},"end":{"line":728,"column":17}},"219":{"start":{"line":718,"column":20},"end":{"line":718,"column":58}},"220":{"start":{"line":719,"column":20},"end":{"line":719,"column":55}},"221":{"start":{"line":720,"column":20},"end":{"line":720,"column":69}},"222":{"start":{"line":720,"column":33},"end":{"line":720,"column":69}},"223":{"start":{"line":721,"column":36},"end":{"line":721,"column":77}},"224":{"start":{"line":722,"column":20},"end":{"line":722,"column":44}},"225":{"start":{"line":723,"column":20},"end":{"line":723,"column":35}},"226":{"start":{"line":725,"column":20},"end":{"line":725,"column":41}},"227":{"start":{"line":727,"column":20},"end":{"line":727,"column":54}},"228":{"start":{"line":735,"column":16},"end":{"line":735,"column":72}},"229":{"start":{"line":737,"column":31},"end":{"line":737,"column":58}},"230":{"start":{"line":738,"column":16},"end":{"line":738,"column":40}},"231":{"start":{"line":739,"column":16},"end":{"line":739,"column":30}},"232":{"start":{"line":751,"column":16},"end":{"line":751,"column":72}},"233":{"start":{"line":753,"column":32},"end":{"line":753,"column":52}},"234":{"start":{"line":755,"column":34},"end":{"line":755,"column":36}},"235":{"start":{"line":756,"column":16},"end":{"line":756,"column":52}},"236":{"start":{"line":757,"column":16},"end":{"line":771,"column":17}},"237":{"start":{"line":758,"column":20},"end":{"line":758,"column":56}},"238":{"start":{"line":759,"column":20},"end":{"line":759,"column":55}},"239":{"start":{"line":760,"column":20},"end":{"line":760,"column":69}},"240":{"start":{"line":760,"column":33},"end":{"line":760,"column":69}},"241":{"start":{"line":761,"column":36},"end":{"line":763,"column":null}},"242":{"start":{"line":765,"column":20},"end":{"line":765,"column":44}},"243":{"start":{"line":766,"column":20},"end":{"line":766,"column":35}},"244":{"start":{"line":768,"column":20},"end":{"line":768,"column":41}},"245":{"start":{"line":770,"column":20},"end":{"line":770,"column":54}},"246":{"start":{"line":803,"column":16},"end":{"line":803,"column":72}},"247":{"start":{"line":805,"column":48},"end":{"line":805,"column":52}},"248":{"start":{"line":807,"column":16},"end":{"line":847,"column":17}},"249":{"start":{"line":809,"column":42},"end":{"line":809,"column":67}},"250":{"start":{"line":810,"column":20},"end":{"line":810,"column":76}},"251":{"start":{"line":810,"column":40},"end":{"line":810,"column":76}},"252":{"start":{"line":813,"column":52},"end":{"line":813,"column":54}},"253":{"start":{"line":814,"column":44},"end":{"line":814,"column":46}},"254":{"start":{"line":816,"column":20},"end":{"line":823,"column":21}},"255":{"start":{"line":817,"column":24},"end":{"line":822,"column":25}},"256":{"start":{"line":818,"column":28},"end":{"line":818,"column":52}},"257":{"start":{"line":819,"column":28},"end":{"line":821,"column":29}},"258":{"start":{"line":820,"column":32},"end":{"line":820,"column":56}},"259":{"start":{"line":826,"column":42},"end":{"line":829,"column":null}},"260":{"start":{"line":833,"column":20},"end":{"line":842,"column":21}},"261":{"start":{"line":834,"column":24},"end":{"line":834,"column":48}},"262":{"start":{"line":835,"column":24},"end":{"line":841,"column":27}},"263":{"start":{"line":844,"column":20},"end":{"line":844,"column":41}},"264":{"start":{"line":846,"column":20},"end":{"line":846,"column":75}},"265":{"start":{"line":863,"column":16},"end":{"line":863,"column":72}},"266":{"start":{"line":866,"column":16},"end":{"line":891,"column":17}},"267":{"start":{"line":867,"column":20},"end":{"line":867,"column":73}},"268":{"start":{"line":868,"column":20},"end":{"line":868,"column":78}},"269":{"start":{"line":868,"column":38},"end":{"line":868,"column":78}},"270":{"start":{"line":869,"column":44},"end":{"line":869,"column":106}},"271":{"start":{"line":870,"column":39},"end":{"line":870,"column":67}},"272":{"start":{"line":873,"column":20},"end":{"line":886,"column":21}},"273":{"start":{"line":874,"column":24},"end":{"line":885,"column":27}},"274":{"start":{"line":888,"column":20},"end":{"line":888,"column":38}},"275":{"start":{"line":890,"column":20},"end":{"line":890,"column":77}},"276":{"start":{"line":903,"column":16},"end":{"line":903,"column":72}},"277":{"start":{"line":906,"column":16},"end":{"line":949,"column":17}},"278":{"start":{"line":907,"column":20},"end":{"line":907,"column":100}},"279":{"start":{"line":908,"column":20},"end":{"line":908,"column":96}},"280":{"start":{"line":908,"column":46},"end":{"line":908,"column":96}},"281":{"start":{"line":909,"column":45},"end":{"line":909,"column":88}},"282":{"start":{"line":910,"column":35},"end":{"line":910,"column":64}},"283":{"start":{"line":913,"column":34},"end":{"line":913,"column":70}},"284":{"start":{"line":914,"column":20},"end":{"line":944,"column":21}},"285":{"start":{"line":916,"column":24},"end":{"line":926,"column":27}},"286":{"start":{"line":929,"column":24},"end":{"line":943,"column":25}},"287":{"start":{"line":930,"column":28},"end":{"line":942,"column":31}},"288":{"start":{"line":946,"column":20},"end":{"line":946,"column":34}},"289":{"start":{"line":948,"column":20},"end":{"line":948,"column":78}},"290":{"start":{"line":961,"column":16},"end":{"line":961,"column":53}},"291":{"start":{"line":963,"column":16},"end":{"line":995,"column":17}},"292":{"start":{"line":964,"column":33},"end":{"line":964,"column":68}},"293":{"start":{"line":965,"column":20},"end":{"line":970,"column":21}},"294":{"start":{"line":966,"column":24},"end":{"line":969,"column":26}},"295":{"start":{"line":973,"column":44},"end":{"line":973,"column":87}},"296":{"start":{"line":974,"column":20},"end":{"line":979,"column":21}},"297":{"start":{"line":975,"column":24},"end":{"line":978,"column":26}},"298":{"start":{"line":982,"column":46},"end":{"line":982,"column":67}},"299":{"start":{"line":983,"column":20},"end":{"line":983,"column":54}},"300":{"start":{"line":984,"column":20},"end":{"line":984,"column":38}},"301":{"start":{"line":986,"column":20},"end":{"line":989,"column":22}},"302":{"start":{"line":991,"column":20},"end":{"line":994,"column":22}},"303":{"start":{"line":1009,"column":16},"end":{"line":1009,"column":53}},"304":{"start":{"line":1011,"column":16},"end":{"line":1041,"column":17}},"305":{"start":{"line":1012,"column":33},"end":{"line":1012,"column":68}},"306":{"start":{"line":1013,"column":20},"end":{"line":1018,"column":21}},"307":{"start":{"line":1014,"column":24},"end":{"line":1017,"column":26}},"308":{"start":{"line":1021,"column":20},"end":{"line":1021,"column":74}},"309":{"start":{"line":1022,"column":20},"end":{"line":1022,"column":78}},"310":{"start":{"line":1023,"column":20},"end":{"line":1023,"column":88}},"311":{"start":{"line":1024,"column":20},"end":{"line":1024,"column":96}},"312":{"start":{"line":1027,"column":20},"end":{"line":1027,"column":58}},"313":{"start":{"line":1029,"column":20},"end":{"line":1029,"column":38}},"314":{"start":{"line":1031,"column":20},"end":{"line":1034,"column":22}},"315":{"start":{"line":1036,"column":20},"end":{"line":1036,"column":76}},"316":{"start":{"line":1037,"column":20},"end":{"line":1040,"column":22}},"317":{"start":{"line":1052,"column":16},"end":{"line":1052,"column":53}},"318":{"start":{"line":1054,"column":16},"end":{"line":1098,"column":17}},"319":{"start":{"line":1055,"column":33},"end":{"line":1055,"column":68}},"320":{"start":{"line":1056,"column":20},"end":{"line":1061,"column":21}},"321":{"start":{"line":1057,"column":24},"end":{"line":1060,"column":26}},"322":{"start":{"line":1064,"column":35},"end":{"line":1064,"column":77}},"323":{"start":{"line":1065,"column":20},"end":{"line":1070,"column":21}},"324":{"start":{"line":1066,"column":24},"end":{"line":1069,"column":26}},"325":{"start":{"line":1072,"column":20},"end":{"line":1074,"column":21}},"326":{"start":{"line":1073,"column":24},"end":{"line":1073,"column":50}},"327":{"start":{"line":1077,"column":20},"end":{"line":1082,"column":21}},"328":{"start":{"line":1078,"column":24},"end":{"line":1081,"column":26}},"329":{"start":{"line":1085,"column":20},"end":{"line":1085,"column":58}},"330":{"start":{"line":1086,"column":20},"end":{"line":1086,"column":38}},"331":{"start":{"line":1088,"column":20},"end":{"line":1091,"column":22}},"332":{"start":{"line":1093,"column":20},"end":{"line":1093,"column":66}},"333":{"start":{"line":1094,"column":20},"end":{"line":1097,"column":22}},"334":{"start":{"line":1109,"column":16},"end":{"line":1109,"column":53}},"335":{"start":{"line":1111,"column":16},"end":{"line":1143,"column":17}},"336":{"start":{"line":1112,"column":33},"end":{"line":1112,"column":68}},"337":{"start":{"line":1113,"column":20},"end":{"line":1118,"column":21}},"338":{"start":{"line":1114,"column":24},"end":{"line":1117,"column":26}},"339":{"start":{"line":1120,"column":20},"end":{"line":1125,"column":21}},"340":{"start":{"line":1121,"column":24},"end":{"line":1124,"column":26}},"341":{"start":{"line":1128,"column":20},"end":{"line":1130,"column":22}},"342":{"start":{"line":1129,"column":42},"end":{"line":1129,"column":61}},"343":{"start":{"line":1131,"column":20},"end":{"line":1131,"column":38}},"344":{"start":{"line":1133,"column":20},"end":{"line":1136,"column":22}},"345":{"start":{"line":1138,"column":20},"end":{"line":1138,"column":68}},"346":{"start":{"line":1139,"column":20},"end":{"line":1142,"column":22}},"347":{"start":{"line":1154,"column":16},"end":{"line":1154,"column":53}},"348":{"start":{"line":1156,"column":16},"end":{"line":1196,"column":17}},"349":{"start":{"line":1157,"column":33},"end":{"line":1157,"column":68}},"350":{"start":{"line":1158,"column":20},"end":{"line":1163,"column":21}},"351":{"start":{"line":1159,"column":24},"end":{"line":1162,"column":26}},"352":{"start":{"line":1165,"column":20},"end":{"line":1167,"column":21}},"353":{"start":{"line":1166,"column":24},"end":{"line":1166,"column":50}},"354":{"start":{"line":1170,"column":20},"end":{"line":1175,"column":21}},"355":{"start":{"line":1171,"column":24},"end":{"line":1174,"column":26}},"356":{"start":{"line":1178,"column":20},"end":{"line":1178,"column":53}},"357":{"start":{"line":1181,"column":20},"end":{"line":1181,"column":74}},"358":{"start":{"line":1182,"column":20},"end":{"line":1182,"column":58}},"359":{"start":{"line":1184,"column":20},"end":{"line":1184,"column":38}},"360":{"start":{"line":1186,"column":20},"end":{"line":1189,"column":22}},"361":{"start":{"line":1191,"column":20},"end":{"line":1191,"column":66}},"362":{"start":{"line":1192,"column":20},"end":{"line":1195,"column":22}},"363":{"start":{"line":1207,"column":16},"end":{"line":1207,"column":53}},"364":{"start":{"line":1209,"column":16},"end":{"line":1241,"column":17}},"365":{"start":{"line":1210,"column":33},"end":{"line":1210,"column":68}},"366":{"start":{"line":1211,"column":20},"end":{"line":1216,"column":21}},"367":{"start":{"line":1212,"column":24},"end":{"line":1215,"column":26}},"368":{"start":{"line":1218,"column":20},"end":{"line":1223,"column":21}},"369":{"start":{"line":1219,"column":24},"end":{"line":1222,"column":26}},"370":{"start":{"line":1226,"column":20},"end":{"line":1228,"column":22}},"371":{"start":{"line":1227,"column":39},"end":{"line":1227,"column":50}},"372":{"start":{"line":1229,"column":20},"end":{"line":1229,"column":38}},"373":{"start":{"line":1231,"column":20},"end":{"line":1234,"column":22}},"374":{"start":{"line":1236,"column":20},"end":{"line":1236,"column":68}},"375":{"start":{"line":1237,"column":20},"end":{"line":1240,"column":22}},"376":{"start":{"line":1253,"column":16},"end":{"line":1253,"column":72}},"377":{"start":{"line":1255,"column":16},"end":{"line":1272,"column":17}},"378":{"start":{"line":1256,"column":33},"end":{"line":1259,"column":null}},"379":{"start":{"line":1261,"column":20},"end":{"line":1261,"column":65}},"380":{"start":{"line":1261,"column":31},"end":{"line":1261,"column":65}},"381":{"start":{"line":1263,"column":20},"end":{"line":1266,"column":22}},"382":{"start":{"line":1268,"column":20},"end":{"line":1271,"column":22}},"383":{"start":{"line":1283,"column":16},"end":{"line":1283,"column":72}},"384":{"start":{"line":1285,"column":16},"end":{"line":1292,"column":17}},"385":{"start":{"line":1286,"column":35},"end":{"line":1286,"column":73}},"386":{"start":{"line":1287,"column":20},"end":{"line":1287,"column":67}},"387":{"start":{"line":1287,"column":33},"end":{"line":1287,"column":67}},"388":{"start":{"line":1289,"column":20},"end":{"line":1289,"column":83}},"389":{"start":{"line":1291,"column":20},"end":{"line":1291,"column":95}},"390":{"start":{"line":1300,"column":16},"end":{"line":1300,"column":72}},"391":{"start":{"line":1302,"column":16},"end":{"line":1313,"column":17}},"392":{"start":{"line":1303,"column":35},"end":{"line":1303,"column":84}},"393":{"start":{"line":1304,"column":20},"end":{"line":1307,"column":22}},"394":{"start":{"line":1309,"column":20},"end":{"line":1312,"column":22}},"395":{"start":{"line":1323,"column":16},"end":{"line":1323,"column":72}},"396":{"start":{"line":1325,"column":16},"end":{"line":1362,"column":17}},"397":{"start":{"line":1327,"column":39},"end":{"line":1327,"column":78}},"398":{"start":{"line":1328,"column":20},"end":{"line":1330,"column":21}},"399":{"start":{"line":1329,"column":24},"end":{"line":1329,"column":65}},"400":{"start":{"line":1333,"column":44},"end":{"line":1333,"column":86}},"401":{"start":{"line":1334,"column":20},"end":{"line":1336,"column":21}},"402":{"start":{"line":1335,"column":24},"end":{"line":1335,"column":85}},"403":{"start":{"line":1339,"column":36},"end":{"line":1343,"column":null}},"404":{"start":{"line":1347,"column":39},"end":{"line":1355,"column":22}},"405":{"start":{"line":1357,"column":20},"end":{"line":1357,"column":44}},"406":{"start":{"line":1359,"column":20},"end":{"line":1359,"column":38}},"407":{"start":{"line":1361,"column":20},"end":{"line":1361,"column":86}},"408":{"start":{"line":1375,"column":16},"end":{"line":1375,"column":72}},"409":{"start":{"line":1377,"column":16},"end":{"line":1427,"column":17}},"410":{"start":{"line":1378,"column":37},"end":{"line":1378,"column":56}},"411":{"start":{"line":1379,"column":45},"end":{"line":1379,"column":47}},"412":{"start":{"line":1380,"column":55},"end":{"line":1380,"column":57}},"413":{"start":{"line":1383,"column":20},"end":{"line":1391,"column":21}},"414":{"start":{"line":1384,"column":24},"end":{"line":1390,"column":25}},"415":{"start":{"line":1385,"column":43},"end":{"line":1385,"column":73}},"416":{"start":{"line":1386,"column":28},"end":{"line":1389,"column":29}},"417":{"start":{"line":1387,"column":32},"end":{"line":1387,"column":59}},"418":{"start":{"line":1388,"column":32},"end":{"line":1388,"column":60}},"419":{"start":{"line":1395,"column":46},"end":{"line":1395,"column":100}},"420":{"start":{"line":1396,"column":36},"end":{"line":1400,"column":null}},"421":{"start":{"line":1404,"column":46},"end":{"line":1404,"column":75}},"422":{"start":{"line":1407,"column":39},"end":{"line":1420,"column":22}},"423":{"start":{"line":1422,"column":20},"end":{"line":1422,"column":44}},"424":{"start":{"line":1424,"column":20},"end":{"line":1424,"column":38}},"425":{"start":{"line":1426,"column":20},"end":{"line":1426,"column":93}},"426":{"start":{"line":1439,"column":16},"end":{"line":1439,"column":72}},"427":{"start":{"line":1441,"column":16},"end":{"line":1450,"column":17}},"428":{"start":{"line":1442,"column":35},"end":{"line":1442,"column":97}},"429":{"start":{"line":1443,"column":20},"end":{"line":1447,"column":22}},"430":{"start":{"line":1449,"column":20},"end":{"line":1449,"column":77}},"431":{"start":{"line":1465,"column":16},"end":{"line":1465,"column":72}},"432":{"start":{"line":1467,"column":16},"end":{"line":1521,"column":17}},"433":{"start":{"line":1469,"column":47},"end":{"line":1469,"column":76}},"434":{"start":{"line":1470,"column":20},"end":{"line":1472,"column":21}},"435":{"start":{"line":1471,"column":24},"end":{"line":1471,"column":84}},"436":{"start":{"line":1474,"column":44},"end":{"line":1474,"column":46}},"437":{"start":{"line":1475,"column":20},"end":{"line":1475,"column":70}},"438":{"start":{"line":1475,"column":45},"end":{"line":1475,"column":70}},"439":{"start":{"line":1476,"column":20},"end":{"line":1476,"column":76}},"440":{"start":{"line":1476,"column":47},"end":{"line":1476,"column":76}},"441":{"start":{"line":1477,"column":20},"end":{"line":1477,"column":76}},"442":{"start":{"line":1477,"column":47},"end":{"line":1477,"column":76}},"443":{"start":{"line":1478,"column":20},"end":{"line":1478,"column":85}},"444":{"start":{"line":1478,"column":50},"end":{"line":1478,"column":85}},"445":{"start":{"line":1479,"column":20},"end":{"line":1485,"column":21}},"446":{"start":{"line":1480,"column":24},"end":{"line":1480,"column":61}},"447":{"start":{"line":1482,"column":24},"end":{"line":1484,"column":25}},"448":{"start":{"line":1483,"column":28},"end":{"line":1483,"column":64}},"449":{"start":{"line":1487,"column":39},"end":{"line":1487,"column":104}},"450":{"start":{"line":1488,"column":20},"end":{"line":1490,"column":21}},"451":{"start":{"line":1489,"column":24},"end":{"line":1489,"column":84}},"452":{"start":{"line":1493,"column":20},"end":{"line":1513,"column":21}},"453":{"start":{"line":1495,"column":28},"end":{"line":1499,"column":36}},"454":{"start":{"line":1501,"column":24},"end":{"line":1511,"column":25}},"455":{"start":{"line":1502,"column":28},"end":{"line":1510,"column":31}},"456":{"start":{"line":1512,"column":24},"end":{"line":1512,"column":128}},"457":{"start":{"line":1515,"column":20},"end":{"line":1515,"column":90}},"458":{"start":{"line":1517,"column":20},"end":{"line":1520,"column":22}},"459":{"start":{"line":1531,"column":16},"end":{"line":1531,"column":72}},"460":{"start":{"line":1533,"column":16},"end":{"line":1545,"column":17}},"461":{"start":{"line":1534,"column":39},"end":{"line":1534,"column":77}},"462":{"start":{"line":1535,"column":20},"end":{"line":1537,"column":21}},"463":{"start":{"line":1536,"column":24},"end":{"line":1536,"column":84}},"464":{"start":{"line":1539,"column":20},"end":{"line":1539,"column":90}},"465":{"start":{"line":1541,"column":20},"end":{"line":1544,"column":22}},"466":{"start":{"line":1560,"column":16},"end":{"line":1560,"column":53}},"467":{"start":{"line":1561,"column":36},"end":{"line":1561,"column":55}},"468":{"start":{"line":1562,"column":16},"end":{"line":1562,"column":92}},"469":{"start":{"line":1562,"column":65},"end":{"line":1562,"column":92}},"470":{"start":{"line":1563,"column":16},"end":{"line":1563,"column":92}},"471":{"start":{"line":1563,"column":65},"end":{"line":1563,"column":92}},"472":{"start":{"line":1564,"column":16},"end":{"line":1564,"column":96}},"473":{"start":{"line":1564,"column":67},"end":{"line":1564,"column":96}},"474":{"start":{"line":1565,"column":16},"end":{"line":1565,"column":76}},"475":{"start":{"line":1565,"column":57},"end":{"line":1565,"column":76}},"476":{"start":{"line":1566,"column":16},"end":{"line":1570,"column":18}},"477":{"start":{"line":1579,"column":16},"end":{"line":1579,"column":53}},"478":{"start":{"line":1580,"column":16},"end":{"line":1585,"column":17}},"479":{"start":{"line":1581,"column":20},"end":{"line":1581,"column":86}},"480":{"start":{"line":1582,"column":20},"end":{"line":1582,"column":45}},"481":{"start":{"line":1584,"column":20},"end":{"line":1584,"column":104}},"482":{"start":{"line":1594,"column":16},"end":{"line":1594,"column":53}},"483":{"start":{"line":1595,"column":16},"end":{"line":1607,"column":17}},"484":{"start":{"line":1596,"column":20},"end":{"line":1603,"column":22}},"485":{"start":{"line":1598,"column":28},"end":{"line":1600,"column":null}},"486":{"start":{"line":1604,"column":20},"end":{"line":1604,"column":45}},"487":{"start":{"line":1606,"column":20},"end":{"line":1606,"column":99}},"488":{"start":{"line":1619,"column":39},"end":{"line":1619,"column":79}},"489":{"start":{"line":1620,"column":16},"end":{"line":1622,"column":17}},"490":{"start":{"line":1621,"column":20},"end":{"line":1621,"column":75}},"491":{"start":{"line":1623,"column":16},"end":{"line":1628,"column":17}},"492":{"start":{"line":1624,"column":20},"end":{"line":1624,"column":89}},"493":{"start":{"line":1625,"column":20},"end":{"line":1625,"column":45}},"494":{"start":{"line":1627,"column":20},"end":{"line":1627,"column":93}},"495":{"start":{"line":1638,"column":39},"end":{"line":1638,"column":199}},"496":{"start":{"line":1639,"column":16},"end":{"line":1641,"column":17}},"497":{"start":{"line":1640,"column":20},"end":{"line":1640,"column":76}},"498":{"start":{"line":1642,"column":16},"end":{"line":1647,"column":17}},"499":{"start":{"line":1643,"column":20},"end":{"line":1643,"column":69}},"500":{"start":{"line":1644,"column":20},"end":{"line":1644,"column":45}},"501":{"start":{"line":1646,"column":20},"end":{"line":1646,"column":93}},"502":{"start":{"line":1661,"column":16},"end":{"line":1661,"column":53}},"503":{"start":{"line":1663,"column":36},"end":{"line":1663,"column":119}},"504":{"start":{"line":1664,"column":16},"end":{"line":1666,"column":17}},"505":{"start":{"line":1665,"column":20},"end":{"line":1665,"column":64}},"506":{"start":{"line":1668,"column":16},"end":{"line":1686,"column":17}},"507":{"start":{"line":1669,"column":31},"end":{"line":1669,"column":103}},"508":{"start":{"line":1670,"column":20},"end":{"line":1681,"column":21}},"509":{"start":{"line":1671,"column":24},"end":{"line":1678,"column":27}},"510":{"start":{"line":1679,"column":27},"end":{"line":1681,"column":21}},"511":{"start":{"line":1680,"column":24},"end":{"line":1680,"column":59}},"512":{"start":{"line":1682,"column":21},"end":{"line":1682,"column":65}},"513":{"start":{"line":1683,"column":20},"end":{"line":1683,"column":45}},"514":{"start":{"line":1685,"column":20},"end":{"line":1685,"column":72}},"515":{"start":{"line":1692,"column":0},"end":{"line":1692,"column":76}}},"fnMap":{"0":{"name":"rangeToDate","decl":{"start":{"line":57,"column":9},"end":{"line":57,"column":20}},"loc":{"start":{"line":57,"column":42},"end":{"line":64,"column":1}}},"1":{"name":"(anonymous_2)","decl":{"start":{"line":72,"column":12},"end":{"line":72,"column":17}},"loc":{"start":{"line":72,"column":25},"end":{"line":74,"column":13}}},"2":{"name":"(anonymous_3)","decl":{"start":{"line":79,"column":12},"end":{"line":79,"column":17}},"loc":{"start":{"line":79,"column":25},"end":{"line":89,"column":13}}},"3":{"name":"(anonymous_4)","decl":{"start":{"line":98,"column":12},"end":{"line":98,"column":17}},"loc":{"start":{"line":98,"column":61},"end":{"line":111,"column":13}}},"4":{"name":"(anonymous_5)","decl":{"start":{"line":119,"column":12},"end":{"line":119,"column":17}},"loc":{"start":{"line":119,"column":25},"end":{"line":136,"column":13}}},"5":{"name":"(anonymous_6)","decl":{"start":{"line":127,"column":43},"end":{"line":127,"column":44}},"loc":{"start":{"line":127,"column":54},"end":{"line":133,"column":17}}},"6":{"name":"(anonymous_7)","decl":{"start":{"line":141,"column":12},"end":{"line":141,"column":17}},"loc":{"start":{"line":141,"column":42},"end":{"line":143,"column":13}}},"7":{"name":"(anonymous_8)","decl":{"start":{"line":148,"column":12},"end":{"line":148,"column":17}},"loc":{"start":{"line":148,"column":40},"end":{"line":150,"column":13}}},"8":{"name":"(anonymous_9)","decl":{"start":{"line":154,"column":12},"end":{"line":154,"column":17}},"loc":{"start":{"line":154,"column":25},"end":{"line":156,"column":13}}},"9":{"name":"(anonymous_10)","decl":{"start":{"line":160,"column":12},"end":{"line":160,"column":17}},"loc":{"start":{"line":160,"column":25},"end":{"line":162,"column":13}}},"10":{"name":"(anonymous_11)","decl":{"start":{"line":166,"column":12},"end":{"line":166,"column":17}},"loc":{"start":{"line":166,"column":25},"end":{"line":168,"column":13}}},"11":{"name":"(anonymous_12)","decl":{"start":{"line":173,"column":12},"end":{"line":173,"column":17}},"loc":{"start":{"line":173,"column":45},"end":{"line":175,"column":13}}},"12":{"name":"(anonymous_13)","decl":{"start":{"line":180,"column":12},"end":{"line":180,"column":17}},"loc":{"start":{"line":180,"column":46},"end":{"line":182,"column":13}}},"13":{"name":"(anonymous_14)","decl":{"start":{"line":187,"column":12},"end":{"line":187,"column":17}},"loc":{"start":{"line":187,"column":43},"end":{"line":194,"column":13}}},"14":{"name":"(anonymous_15)","decl":{"start":{"line":188,"column":42},"end":{"line":188,"column":43}},"loc":{"start":{"line":188,"column":91},"end":{"line":191,"column":18}}},"15":{"name":"(anonymous_16)","decl":{"start":{"line":201,"column":12},"end":{"line":201,"column":17}},"loc":{"start":{"line":201,"column":43},"end":{"line":216,"column":13}}},"16":{"name":"(anonymous_17)","decl":{"start":{"line":206,"column":43},"end":{"line":206,"column":44}},"loc":{"start":{"line":206,"column":61},"end":{"line":206,"column":89}}},"17":{"name":"(anonymous_18)","decl":{"start":{"line":223,"column":12},"end":{"line":223,"column":17}},"loc":{"start":{"line":223,"column":49},"end":{"line":238,"column":13}}},"18":{"name":"(anonymous_19)","decl":{"start":{"line":242,"column":12},"end":{"line":242,"column":17}},"loc":{"start":{"line":242,"column":47},"end":{"line":245,"column":13}}},"19":{"name":"(anonymous_20)","decl":{"start":{"line":249,"column":12},"end":{"line":249,"column":17}},"loc":{"start":{"line":249,"column":47},"end":{"line":261,"column":13}}},"20":{"name":"(anonymous_21)","decl":{"start":{"line":269,"column":12},"end":{"line":269,"column":17}},"loc":{"start":{"line":269,"column":64},"end":{"line":274,"column":13}}},"21":{"name":"(anonymous_22)","decl":{"start":{"line":283,"column":12},"end":{"line":283,"column":17}},"loc":{"start":{"line":283,"column":77},"end":{"line":295,"column":13}}},"22":{"name":"(anonymous_23)","decl":{"start":{"line":302,"column":12},"end":{"line":302,"column":17}},"loc":{"start":{"line":302,"column":49},"end":{"line":311,"column":13}}},"23":{"name":"(anonymous_24)","decl":{"start":{"line":319,"column":12},"end":{"line":319,"column":17}},"loc":{"start":{"line":319,"column":64},"end":{"line":326,"column":13}}},"24":{"name":"(anonymous_25)","decl":{"start":{"line":333,"column":12},"end":{"line":333,"column":17}},"loc":{"start":{"line":333,"column":58},"end":{"line":339,"column":13}}},"25":{"name":"(anonymous_26)","decl":{"start":{"line":343,"column":12},"end":{"line":343,"column":17}},"loc":{"start":{"line":343,"column":47},"end":{"line":355,"column":13}}},"26":{"name":"(anonymous_27)","decl":{"start":{"line":363,"column":12},"end":{"line":363,"column":17}},"loc":{"start":{"line":363,"column":62},"end":{"line":433,"column":13}}},"27":{"name":"(anonymous_28)","decl":{"start":{"line":374,"column":36},"end":{"line":374,"column":37}},"loc":{"start":{"line":374,"column":49},"end":{"line":374,"column":79}}},"28":{"name":"(anonymous_29)","decl":{"start":{"line":383,"column":36},"end":{"line":383,"column":37}},"loc":{"start":{"line":383,"column":49},"end":{"line":383,"column":79}}},"29":{"name":"(anonymous_30)","decl":{"start":{"line":398,"column":48},"end":{"line":398,"column":49}},"loc":{"start":{"line":398,"column":59},"end":{"line":400,"column":21}}},"30":{"name":"(anonymous_31)","decl":{"start":{"line":402,"column":30},"end":{"line":402,"column":31}},"loc":{"start":{"line":402,"column":40},"end":{"line":402,"column":51}}},"31":{"name":"(anonymous_32)","decl":{"start":{"line":403,"column":29},"end":{"line":403,"column":30}},"loc":{"start":{"line":403,"column":48},"end":{"line":403,"column":62}}},"32":{"name":"(anonymous_33)","decl":{"start":{"line":423,"column":48},"end":{"line":423,"column":49}},"loc":{"start":{"line":423,"column":59},"end":{"line":426,"column":21}}},"33":{"name":"(anonymous_34)","decl":{"start":{"line":428,"column":30},"end":{"line":428,"column":31}},"loc":{"start":{"line":428,"column":40},"end":{"line":428,"column":51}}},"34":{"name":"(anonymous_35)","decl":{"start":{"line":429,"column":29},"end":{"line":429,"column":30}},"loc":{"start":{"line":429,"column":48},"end":{"line":429,"column":62}}},"35":{"name":"(anonymous_36)","decl":{"start":{"line":441,"column":12},"end":{"line":441,"column":17}},"loc":{"start":{"line":441,"column":60},"end":{"line":477,"column":13}}},"36":{"name":"(anonymous_37)","decl":{"start":{"line":459,"column":44},"end":{"line":459,"column":45}},"loc":{"start":{"line":459,"column":55},"end":{"line":461,"column":17}}},"37":{"name":"(anonymous_38)","decl":{"start":{"line":464,"column":26},"end":{"line":464,"column":27}},"loc":{"start":{"line":464,"column":36},"end":{"line":464,"column":47}}},"38":{"name":"(anonymous_39)","decl":{"start":{"line":467,"column":47},"end":{"line":467,"column":48}},"loc":{"start":{"line":467,"column":59},"end":{"line":467,"column":63}}},"39":{"name":"(anonymous_40)","decl":{"start":{"line":470,"column":43},"end":{"line":470,"column":44}},"loc":{"start":{"line":470,"column":49},"end":{"line":470,"column":87}}},"40":{"name":"(anonymous_41)","decl":{"start":{"line":472,"column":34},"end":{"line":472,"column":35}},"loc":{"start":{"line":472,"column":60},"end":{"line":476,"column":18}}},"41":{"name":"(anonymous_42)","decl":{"start":{"line":484,"column":12},"end":{"line":484,"column":17}},"loc":{"start":{"line":484,"column":53},"end":{"line":515,"column":13}}},"42":{"name":"(anonymous_43)","decl":{"start":{"line":507,"column":44},"end":{"line":507,"column":45}},"loc":{"start":{"line":507,"column":55},"end":{"line":510,"column":17}}},"43":{"name":"(anonymous_44)","decl":{"start":{"line":513,"column":26},"end":{"line":513,"column":27}},"loc":{"start":{"line":513,"column":36},"end":{"line":513,"column":60}}},"44":{"name":"(anonymous_45)","decl":{"start":{"line":514,"column":25},"end":{"line":514,"column":26}},"loc":{"start":{"line":514,"column":45},"end":{"line":514,"column":60}}},"45":{"name":"(anonymous_46)","decl":{"start":{"line":531,"column":12},"end":{"line":531,"column":17}},"loc":{"start":{"line":531,"column":57},"end":{"line":558,"column":13}}},"46":{"name":"(anonymous_47)","decl":{"start":{"line":546,"column":50},"end":{"line":546,"column":53}},"loc":{"start":{"line":546,"column":56},"end":{"line":548,"column":21}}},"47":{"name":"(anonymous_48)","decl":{"start":{"line":567,"column":12},"end":{"line":567,"column":17}},"loc":{"start":{"line":567,"column":51},"end":{"line":587,"column":13}}},"48":{"name":"(anonymous_49)","decl":{"start":{"line":594,"column":12},"end":{"line":594,"column":17}},"loc":{"start":{"line":594,"column":50},"end":{"line":602,"column":13}}},"49":{"name":"(anonymous_50)","decl":{"start":{"line":630,"column":12},"end":{"line":630,"column":17}},"loc":{"start":{"line":655,"column":23},"end":{"line":703,"column":13}}},"50":{"name":"(anonymous_51)","decl":{"start":{"line":711,"column":12},"end":{"line":711,"column":17}},"loc":{"start":{"line":711,"column":49},"end":{"line":729,"column":13}}},"51":{"name":"(anonymous_52)","decl":{"start":{"line":733,"column":12},"end":{"line":733,"column":17}},"loc":{"start":{"line":733,"column":47},"end":{"line":740,"column":13}}},"52":{"name":"(anonymous_53)","decl":{"start":{"line":749,"column":12},"end":{"line":749,"column":17}},"loc":{"start":{"line":749,"column":72},"end":{"line":772,"column":13}}},"53":{"name":"(anonymous_54)","decl":{"start":{"line":801,"column":12},"end":{"line":801,"column":17}},"loc":{"start":{"line":801,"column":47},"end":{"line":848,"column":13}}},"54":{"name":"(anonymous_55)","decl":{"start":{"line":861,"column":12},"end":{"line":861,"column":17}},"loc":{"start":{"line":861,"column":87},"end":{"line":892,"column":13}}},"55":{"name":"(anonymous_56)","decl":{"start":{"line":901,"column":12},"end":{"line":901,"column":17}},"loc":{"start":{"line":901,"column":64},"end":{"line":950,"column":13}}},"56":{"name":"(anonymous_57)","decl":{"start":{"line":959,"column":12},"end":{"line":959,"column":17}},"loc":{"start":{"line":959,"column":73},"end":{"line":996,"column":13}}},"57":{"name":"(anonymous_58)","decl":{"start":{"line":1007,"column":12},"end":{"line":1007,"column":17}},"loc":{"start":{"line":1007,"column":115},"end":{"line":1042,"column":13}}},"58":{"name":"(anonymous_59)","decl":{"start":{"line":1050,"column":12},"end":{"line":1050,"column":17}},"loc":{"start":{"line":1050,"column":57},"end":{"line":1099,"column":13}}},"59":{"name":"(anonymous_60)","decl":{"start":{"line":1107,"column":12},"end":{"line":1107,"column":17}},"loc":{"start":{"line":1107,"column":57},"end":{"line":1144,"column":13}}},"60":{"name":"(anonymous_61)","decl":{"start":{"line":1129,"column":24},"end":{"line":1129,"column":25}},"loc":{"start":{"line":1129,"column":42},"end":{"line":1129,"column":61}}},"61":{"name":"(anonymous_62)","decl":{"start":{"line":1152,"column":12},"end":{"line":1152,"column":17}},"loc":{"start":{"line":1152,"column":52},"end":{"line":1197,"column":13}}},"62":{"name":"(anonymous_63)","decl":{"start":{"line":1205,"column":12},"end":{"line":1205,"column":17}},"loc":{"start":{"line":1205,"column":52},"end":{"line":1242,"column":13}}},"63":{"name":"(anonymous_64)","decl":{"start":{"line":1227,"column":24},"end":{"line":1227,"column":25}},"loc":{"start":{"line":1227,"column":39},"end":{"line":1227,"column":50}}},"64":{"name":"(anonymous_65)","decl":{"start":{"line":1251,"column":12},"end":{"line":1251,"column":17}},"loc":{"start":{"line":1251,"column":61},"end":{"line":1273,"column":13}}},"65":{"name":"(anonymous_66)","decl":{"start":{"line":1281,"column":12},"end":{"line":1281,"column":17}},"loc":{"start":{"line":1281,"column":49},"end":{"line":1293,"column":13}}},"66":{"name":"(anonymous_67)","decl":{"start":{"line":1298,"column":12},"end":{"line":1298,"column":17}},"loc":{"start":{"line":1298,"column":47},"end":{"line":1314,"column":13}}},"67":{"name":"(anonymous_68)","decl":{"start":{"line":1321,"column":12},"end":{"line":1321,"column":17}},"loc":{"start":{"line":1321,"column":59},"end":{"line":1363,"column":13}}},"68":{"name":"(anonymous_69)","decl":{"start":{"line":1373,"column":12},"end":{"line":1373,"column":17}},"loc":{"start":{"line":1373,"column":88},"end":{"line":1428,"column":13}}},"69":{"name":"(anonymous_70)","decl":{"start":{"line":1437,"column":12},"end":{"line":1437,"column":17}},"loc":{"start":{"line":1437,"column":80},"end":{"line":1451,"column":13}}},"70":{"name":"(anonymous_71)","decl":{"start":{"line":1463,"column":12},"end":{"line":1463,"column":17}},"loc":{"start":{"line":1463,"column":99},"end":{"line":1522,"column":13}}},"71":{"name":"(anonymous_72)","decl":{"start":{"line":1529,"column":12},"end":{"line":1529,"column":17}},"loc":{"start":{"line":1529,"column":49},"end":{"line":1546,"column":13}}},"72":{"name":"(anonymous_73)","decl":{"start":{"line":1559,"column":12},"end":{"line":1559,"column":17}},"loc":{"start":{"line":1559,"column":108},"end":{"line":1571,"column":13}}},"73":{"name":"(anonymous_74)","decl":{"start":{"line":1578,"column":12},"end":{"line":1578,"column":17}},"loc":{"start":{"line":1578,"column":54},"end":{"line":1586,"column":13}}},"74":{"name":"(anonymous_75)","decl":{"start":{"line":1593,"column":12},"end":{"line":1593,"column":17}},"loc":{"start":{"line":1593,"column":62},"end":{"line":1608,"column":13}}},"75":{"name":"(anonymous_76)","decl":{"start":{"line":1597,"column":44},"end":{"line":1597,"column":45}},"loc":{"start":{"line":1598,"column":28},"end":{"line":1600,"column":null}}},"76":{"name":"(anonymous_77)","decl":{"start":{"line":1618,"column":12},"end":{"line":1618,"column":17}},"loc":{"start":{"line":1618,"column":78},"end":{"line":1629,"column":13}}},"77":{"name":"(anonymous_78)","decl":{"start":{"line":1637,"column":12},"end":{"line":1637,"column":17}},"loc":{"start":{"line":1637,"column":59},"end":{"line":1648,"column":13}}},"78":{"name":"(anonymous_79)","decl":{"start":{"line":1660,"column":12},"end":{"line":1660,"column":17}},"loc":{"start":{"line":1660,"column":108},"end":{"line":1687,"column":13}}}},"branchMap":{"0":{"loc":{"start":{"line":58,"column":4},"end":{"line":58,"column":47}},"type":"if","locations":[{"start":{"line":58,"column":4},"end":{"line":58,"column":47}}]},"1":{"loc":{"start":{"line":58,"column":8},"end":{"line":58,"column":33}},"type":"binary-expr","locations":[{"start":{"line":58,"column":8},"end":{"line":58,"column":14}},{"start":{"line":58,"column":18},"end":{"line":58,"column":33}}]},"2":{"loc":{"start":{"line":59,"column":17},"end":{"line":59,"column":88}},"type":"cond-expr","locations":[{"start":{"line":59,"column":34},"end":{"line":59,"column":35}},{"start":{"line":59,"column":38},"end":{"line":59,"column":88}}]},"3":{"loc":{"start":{"line":59,"column":38},"end":{"line":59,"column":88}},"type":"cond-expr","locations":[{"start":{"line":59,"column":56},"end":{"line":59,"column":58}},{"start":{"line":59,"column":61},"end":{"line":59,"column":88}}]},"4":{"loc":{"start":{"line":59,"column":61},"end":{"line":59,"column":88}},"type":"cond-expr","locations":[{"start":{"line":59,"column":79},"end":{"line":59,"column":81}},{"start":{"line":59,"column":84},"end":{"line":59,"column":88}}]},"5":{"loc":{"start":{"line":60,"column":4},"end":{"line":60,"column":35}},"type":"if","locations":[{"start":{"line":60,"column":4},"end":{"line":60,"column":35}}]},"6":{"loc":{"start":{"line":81,"column":16},"end":{"line":81,"column":42}},"type":"if","locations":[{"start":{"line":81,"column":16},"end":{"line":81,"column":42}}]},"7":{"loc":{"start":{"line":98,"column":37},"end":{"line":98,"column":47}},"type":"default-arg","locations":[{"start":{"line":98,"column":46},"end":{"line":98,"column":47}}]},"8":{"loc":{"start":{"line":98,"column":49},"end":{"line":98,"column":59}},"type":"default-arg","locations":[{"start":{"line":98,"column":57},"end":{"line":98,"column":59}}]},"9":{"loc":{"start":{"line":121,"column":16},"end":{"line":121,"column":42}},"type":"if","locations":[{"start":{"line":121,"column":16},"end":{"line":121,"column":42}}]},"10":{"loc":{"start":{"line":129,"column":20},"end":{"line":129,"column":71}},"type":"if","locations":[{"start":{"line":129,"column":20},"end":{"line":129,"column":71}}]},"11":{"loc":{"start":{"line":130,"column":20},"end":{"line":130,"column":106}},"type":"if","locations":[{"start":{"line":130,"column":20},"end":{"line":130,"column":106}}]},"12":{"loc":{"start":{"line":130,"column":24},"end":{"line":130,"column":93}},"type":"binary-expr","locations":[{"start":{"line":130,"column":24},"end":{"line":130,"column":38}},{"start":{"line":130,"column":42},"end":{"line":130,"column":63}},{"start":{"line":130,"column":67},"end":{"line":130,"column":93}}]},"13":{"loc":{"start":{"line":131,"column":20},"end":{"line":131,"column":90}},"type":"if","locations":[{"start":{"line":131,"column":20},"end":{"line":131,"column":90}}]},"14":{"loc":{"start":{"line":131,"column":24},"end":{"line":131,"column":77}},"type":"binary-expr","locations":[{"start":{"line":131,"column":24},"end":{"line":131,"column":48}},{"start":{"line":131,"column":52},"end":{"line":131,"column":77}}]},"15":{"loc":{"start":{"line":132,"column":60},"end":{"line":132,"column":78}},"type":"binary-expr","locations":[{"start":{"line":132,"column":60},"end":{"line":132,"column":70}},{"start":{"line":132,"column":74},"end":{"line":132,"column":78}}]},"16":{"loc":{"start":{"line":132,"column":97},"end":{"line":132,"column":122}},"type":"binary-expr","locations":[{"start":{"line":132,"column":97},"end":{"line":132,"column":114}},{"start":{"line":132,"column":118},"end":{"line":132,"column":122}}]},"17":{"loc":{"start":{"line":211,"column":16},"end":{"line":213,"column":17}},"type":"if","locations":[{"start":{"line":211,"column":16},"end":{"line":213,"column":17}}]},"18":{"loc":{"start":{"line":233,"column":16},"end":{"line":235,"column":17}},"type":"if","locations":[{"start":{"line":233,"column":16},"end":{"line":235,"column":17}}]},"19":{"loc":{"start":{"line":254,"column":20},"end":{"line":256,"column":21}},"type":"if","locations":[{"start":{"line":254,"column":20},"end":{"line":256,"column":21}}]},"20":{"loc":{"start":{"line":272,"column":16},"end":{"line":272,"column":76}},"type":"if","locations":[{"start":{"line":272,"column":16},"end":{"line":272,"column":76}}]},"21":{"loc":{"start":{"line":285,"column":16},"end":{"line":288,"column":17}},"type":"if","locations":[{"start":{"line":285,"column":16},"end":{"line":288,"column":17}}]},"22":{"loc":{"start":{"line":285,"column":20},"end":{"line":285,"column":68}},"type":"binary-expr","locations":[{"start":{"line":285,"column":20},"end":{"line":285,"column":40}},{"start":{"line":285,"column":44},"end":{"line":285,"column":68}}]},"23":{"loc":{"start":{"line":292,"column":16},"end":{"line":292,"column":76}},"type":"if","locations":[{"start":{"line":292,"column":16},"end":{"line":292,"column":76}}]},"24":{"loc":{"start":{"line":293,"column":16},"end":{"line":293,"column":79}},"type":"if","locations":[{"start":{"line":293,"column":16},"end":{"line":293,"column":79}}]},"25":{"loc":{"start":{"line":305,"column":16},"end":{"line":307,"column":17}},"type":"if","locations":[{"start":{"line":305,"column":16},"end":{"line":307,"column":17}}]},"26":{"loc":{"start":{"line":305,"column":20},"end":{"line":305,"column":50}},"type":"binary-expr","locations":[{"start":{"line":305,"column":20},"end":{"line":305,"column":27}},{"start":{"line":305,"column":31},"end":{"line":305,"column":50}}]},"27":{"loc":{"start":{"line":366,"column":35},"end":{"line":366,"column":78}},"type":"cond-expr","locations":[{"start":{"line":366,"column":43},"end":{"line":366,"column":73}},{"start":{"line":366,"column":76},"end":{"line":366,"column":78}}]},"28":{"loc":{"start":{"line":368,"column":16},"end":{"line":375,"column":17}},"type":"if","locations":[{"start":{"line":368,"column":16},"end":{"line":375,"column":17}}]},"29":{"loc":{"start":{"line":377,"column":16},"end":{"line":384,"column":17}},"type":"if","locations":[{"start":{"line":377,"column":16},"end":{"line":384,"column":17}}]},"30":{"loc":{"start":{"line":386,"column":16},"end":{"line":404,"column":17}},"type":"if","locations":[{"start":{"line":386,"column":16},"end":{"line":404,"column":17}}]},"31":{"loc":{"start":{"line":399,"column":43},"end":{"line":399,"column":63}},"type":"binary-expr","locations":[{"start":{"line":399,"column":43},"end":{"line":399,"column":58}},{"start":{"line":399,"column":62},"end":{"line":399,"column":63}}]},"32":{"loc":{"start":{"line":406,"column":16},"end":{"line":430,"column":17}},"type":"if","locations":[{"start":{"line":406,"column":16},"end":{"line":430,"column":17}}]},"33":{"loc":{"start":{"line":425,"column":41},"end":{"line":425,"column":59}},"type":"binary-expr","locations":[{"start":{"line":425,"column":41},"end":{"line":425,"column":54}},{"start":{"line":425,"column":58},"end":{"line":425,"column":59}}]},"34":{"loc":{"start":{"line":444,"column":35},"end":{"line":444,"column":78}},"type":"cond-expr","locations":[{"start":{"line":444,"column":43},"end":{"line":444,"column":73}},{"start":{"line":444,"column":76},"end":{"line":444,"column":78}}]},"35":{"loc":{"start":{"line":445,"column":55},"end":{"line":445,"column":66}},"type":"binary-expr","locations":[{"start":{"line":445,"column":55},"end":{"line":445,"column":60}},{"start":{"line":445,"column":64},"end":{"line":445,"column":66}}]},"36":{"loc":{"start":{"line":460,"column":39},"end":{"line":460,"column":59}},"type":"binary-expr","locations":[{"start":{"line":460,"column":39},"end":{"line":460,"column":54}},{"start":{"line":460,"column":58},"end":{"line":460,"column":59}}]},"37":{"loc":{"start":{"line":474,"column":30},"end":{"line":474,"column":55}},"type":"binary-expr","locations":[{"start":{"line":474,"column":30},"end":{"line":474,"column":47}},{"start":{"line":474,"column":51},"end":{"line":474,"column":55}}]},"38":{"loc":{"start":{"line":487,"column":35},"end":{"line":487,"column":78}},"type":"cond-expr","locations":[{"start":{"line":487,"column":43},"end":{"line":487,"column":73}},{"start":{"line":487,"column":76},"end":{"line":487,"column":78}}]},"39":{"loc":{"start":{"line":509,"column":38},"end":{"line":509,"column":57}},"type":"binary-expr","locations":[{"start":{"line":509,"column":38},"end":{"line":509,"column":52}},{"start":{"line":509,"column":56},"end":{"line":509,"column":57}}]},"40":{"loc":{"start":{"line":535,"column":20},"end":{"line":535,"column":76}},"type":"if","locations":[{"start":{"line":535,"column":20},"end":{"line":535,"column":76}}]},"41":{"loc":{"start":{"line":571,"column":20},"end":{"line":571,"column":93}},"type":"if","locations":[{"start":{"line":571,"column":20},"end":{"line":571,"column":93}}]},"42":{"loc":{"start":{"line":573,"column":20},"end":{"line":573,"column":81}},"type":"if","locations":[{"start":{"line":573,"column":20},"end":{"line":573,"column":81}}]},"43":{"loc":{"start":{"line":663,"column":20},"end":{"line":663,"column":80}},"type":"if","locations":[{"start":{"line":663,"column":20},"end":{"line":663,"column":80}}]},"44":{"loc":{"start":{"line":720,"column":20},"end":{"line":720,"column":69}},"type":"if","locations":[{"start":{"line":720,"column":20},"end":{"line":720,"column":69}}]},"45":{"loc":{"start":{"line":760,"column":20},"end":{"line":760,"column":69}},"type":"if","locations":[{"start":{"line":760,"column":20},"end":{"line":760,"column":69}}]},"46":{"loc":{"start":{"line":810,"column":20},"end":{"line":810,"column":76}},"type":"if","locations":[{"start":{"line":810,"column":20},"end":{"line":810,"column":76}}]},"47":{"loc":{"start":{"line":817,"column":24},"end":{"line":822,"column":25}},"type":"if","locations":[{"start":{"line":817,"column":24},"end":{"line":822,"column":25}}]},"48":{"loc":{"start":{"line":817,"column":28},"end":{"line":817,"column":65}},"type":"binary-expr","locations":[{"start":{"line":817,"column":28},"end":{"line":817,"column":47}},{"start":{"line":817,"column":51},"end":{"line":817,"column":65}}]},"49":{"loc":{"start":{"line":819,"column":28},"end":{"line":821,"column":29}},"type":"if","locations":[{"start":{"line":819,"column":28},"end":{"line":821,"column":29}}]},"50":{"loc":{"start":{"line":833,"column":20},"end":{"line":842,"column":21}},"type":"if","locations":[{"start":{"line":833,"column":20},"end":{"line":842,"column":21}}]},"51":{"loc":{"start":{"line":846,"column":36},"end":{"line":846,"column":73}},"type":"binary-expr","locations":[{"start":{"line":846,"column":36},"end":{"line":846,"column":47}},{"start":{"line":846,"column":51},"end":{"line":846,"column":73}}]},"52":{"loc":{"start":{"line":868,"column":20},"end":{"line":868,"column":78}},"type":"if","locations":[{"start":{"line":868,"column":20},"end":{"line":868,"column":78}}]},"53":{"loc":{"start":{"line":873,"column":20},"end":{"line":886,"column":21}},"type":"if","locations":[{"start":{"line":873,"column":20},"end":{"line":886,"column":21}}]},"54":{"loc":{"start":{"line":881,"column":33},"end":{"line":881,"column":44}},"type":"binary-expr","locations":[{"start":{"line":881,"column":33},"end":{"line":881,"column":36}},{"start":{"line":881,"column":40},"end":{"line":881,"column":44}}]},"55":{"loc":{"start":{"line":908,"column":20},"end":{"line":908,"column":96}},"type":"if","locations":[{"start":{"line":908,"column":20},"end":{"line":908,"column":96}}]},"56":{"loc":{"start":{"line":914,"column":20},"end":{"line":944,"column":21}},"type":"if","locations":[{"start":{"line":914,"column":20},"end":{"line":944,"column":21}}]},"57":{"loc":{"start":{"line":923,"column":59},"end":{"line":923,"column":96}},"type":"cond-expr","locations":[{"start":{"line":923,"column":73},"end":{"line":923,"column":91}},{"start":{"line":923,"column":94},"end":{"line":923,"column":96}}]},"58":{"loc":{"start":{"line":923,"column":99},"end":{"line":923,"column":140}},"type":"cond-expr","locations":[{"start":{"line":923,"column":115},"end":{"line":923,"column":135}},{"start":{"line":923,"column":138},"end":{"line":923,"column":140}}]},"59":{"loc":{"start":{"line":929,"column":24},"end":{"line":943,"column":25}},"type":"if","locations":[{"start":{"line":929,"column":24},"end":{"line":943,"column":25}}]},"60":{"loc":{"start":{"line":937,"column":37},"end":{"line":937,"column":54}},"type":"binary-expr","locations":[{"start":{"line":937,"column":37},"end":{"line":937,"column":46}},{"start":{"line":937,"column":50},"end":{"line":937,"column":54}}]},"61":{"loc":{"start":{"line":965,"column":20},"end":{"line":970,"column":21}},"type":"if","locations":[{"start":{"line":965,"column":20},"end":{"line":970,"column":21}}]},"62":{"loc":{"start":{"line":974,"column":20},"end":{"line":979,"column":21}},"type":"if","locations":[{"start":{"line":974,"column":20},"end":{"line":979,"column":21}}]},"63":{"loc":{"start":{"line":1013,"column":20},"end":{"line":1018,"column":21}},"type":"if","locations":[{"start":{"line":1013,"column":20},"end":{"line":1018,"column":21}}]},"64":{"loc":{"start":{"line":1056,"column":20},"end":{"line":1061,"column":21}},"type":"if","locations":[{"start":{"line":1056,"column":20},"end":{"line":1061,"column":21}}]},"65":{"loc":{"start":{"line":1065,"column":20},"end":{"line":1070,"column":21}},"type":"if","locations":[{"start":{"line":1065,"column":20},"end":{"line":1070,"column":21}}]},"66":{"loc":{"start":{"line":1072,"column":20},"end":{"line":1074,"column":21}},"type":"if","locations":[{"start":{"line":1072,"column":20},"end":{"line":1074,"column":21}}]},"67":{"loc":{"start":{"line":1077,"column":20},"end":{"line":1082,"column":21}},"type":"if","locations":[{"start":{"line":1077,"column":20},"end":{"line":1082,"column":21}}]},"68":{"loc":{"start":{"line":1113,"column":20},"end":{"line":1118,"column":21}},"type":"if","locations":[{"start":{"line":1113,"column":20},"end":{"line":1118,"column":21}}]},"69":{"loc":{"start":{"line":1120,"column":20},"end":{"line":1125,"column":21}},"type":"if","locations":[{"start":{"line":1120,"column":20},"end":{"line":1125,"column":21}}]},"70":{"loc":{"start":{"line":1120,"column":24},"end":{"line":1120,"column":91}},"type":"binary-expr","locations":[{"start":{"line":1120,"column":24},"end":{"line":1120,"column":45}},{"start":{"line":1120,"column":49},"end":{"line":1120,"column":91}}]},"71":{"loc":{"start":{"line":1158,"column":20},"end":{"line":1163,"column":21}},"type":"if","locations":[{"start":{"line":1158,"column":20},"end":{"line":1163,"column":21}}]},"72":{"loc":{"start":{"line":1165,"column":20},"end":{"line":1167,"column":21}},"type":"if","locations":[{"start":{"line":1165,"column":20},"end":{"line":1167,"column":21}}]},"73":{"loc":{"start":{"line":1170,"column":20},"end":{"line":1175,"column":21}},"type":"if","locations":[{"start":{"line":1170,"column":20},"end":{"line":1175,"column":21}}]},"74":{"loc":{"start":{"line":1211,"column":20},"end":{"line":1216,"column":21}},"type":"if","locations":[{"start":{"line":1211,"column":20},"end":{"line":1216,"column":21}}]},"75":{"loc":{"start":{"line":1218,"column":20},"end":{"line":1223,"column":21}},"type":"if","locations":[{"start":{"line":1218,"column":20},"end":{"line":1223,"column":21}}]},"76":{"loc":{"start":{"line":1218,"column":24},"end":{"line":1218,"column":86}},"type":"binary-expr","locations":[{"start":{"line":1218,"column":24},"end":{"line":1218,"column":45}},{"start":{"line":1218,"column":49},"end":{"line":1218,"column":86}}]},"77":{"loc":{"start":{"line":1261,"column":20},"end":{"line":1261,"column":65}},"type":"if","locations":[{"start":{"line":1261,"column":20},"end":{"line":1261,"column":65}}]},"78":{"loc":{"start":{"line":1270,"column":33},"end":{"line":1270,"column":68}},"type":"binary-expr","locations":[{"start":{"line":1270,"column":33},"end":{"line":1270,"column":44}},{"start":{"line":1270,"column":48},"end":{"line":1270,"column":68}}]},"79":{"loc":{"start":{"line":1287,"column":20},"end":{"line":1287,"column":67}},"type":"if","locations":[{"start":{"line":1287,"column":20},"end":{"line":1287,"column":67}}]},"80":{"loc":{"start":{"line":1291,"column":54},"end":{"line":1291,"column":92}},"type":"binary-expr","locations":[{"start":{"line":1291,"column":54},"end":{"line":1291,"column":65}},{"start":{"line":1291,"column":69},"end":{"line":1291,"column":92}}]},"81":{"loc":{"start":{"line":1311,"column":33},"end":{"line":1311,"column":81}},"type":"binary-expr","locations":[{"start":{"line":1311,"column":33},"end":{"line":1311,"column":44}},{"start":{"line":1311,"column":48},"end":{"line":1311,"column":81}}]},"82":{"loc":{"start":{"line":1328,"column":20},"end":{"line":1330,"column":21}},"type":"if","locations":[{"start":{"line":1328,"column":20},"end":{"line":1330,"column":21}}]},"83":{"loc":{"start":{"line":1334,"column":20},"end":{"line":1336,"column":21}},"type":"if","locations":[{"start":{"line":1334,"column":20},"end":{"line":1336,"column":21}}]},"84":{"loc":{"start":{"line":1361,"column":36},"end":{"line":1361,"column":84}},"type":"binary-expr","locations":[{"start":{"line":1361,"column":36},"end":{"line":1361,"column":47}},{"start":{"line":1361,"column":51},"end":{"line":1361,"column":84}}]},"85":{"loc":{"start":{"line":1383,"column":20},"end":{"line":1391,"column":21}},"type":"if","locations":[{"start":{"line":1383,"column":20},"end":{"line":1391,"column":21}}]},"86":{"loc":{"start":{"line":1383,"column":24},"end":{"line":1383,"column":61}},"type":"binary-expr","locations":[{"start":{"line":1383,"column":24},"end":{"line":1383,"column":35}},{"start":{"line":1383,"column":39},"end":{"line":1383,"column":61}}]},"87":{"loc":{"start":{"line":1386,"column":28},"end":{"line":1389,"column":29}},"type":"if","locations":[{"start":{"line":1386,"column":28},"end":{"line":1389,"column":29}}]},"88":{"loc":{"start":{"line":1395,"column":46},"end":{"line":1395,"column":100}},"type":"cond-expr","locations":[{"start":{"line":1395,"column":76},"end":{"line":1395,"column":95}},{"start":{"line":1395,"column":98},"end":{"line":1395,"column":100}}]},"89":{"loc":{"start":{"line":1399,"column":24},"end":{"line":1399,"column":39}},"type":"binary-expr","locations":[{"start":{"line":1399,"column":24},"end":{"line":1399,"column":33}},{"start":{"line":1399,"column":37},"end":{"line":1399,"column":39}}]},"90":{"loc":{"start":{"line":1410,"column":34},"end":{"line":1410,"column":76}},"type":"cond-expr","locations":[{"start":{"line":1410,"column":57}
[...]
mn":6},"end":{"line":89,"column":8}},"25":{"start":{"line":90,"column":6},"end":{"line":101,"column":9}},"26":{"start":{"line":91,"column":26},"end":{"line":91,"column":77}},"27":{"start":{"line":92,"column":24},"end":{"line":92,"column":73}},"28":{"start":{"line":93,"column":8},"end":{"line":100,"column":10}},"29":{"start":{"line":102,"column":6},"end":{"line":102,"column":26}},"30":{"start":{"line":105,"column":4},"end":{"line":113,"column":6}},"31":{"start":{"line":114,"column":4},"end":{"line":114,"column":19}},"32":{"start":{"line":117,"column":2},"end":{"line":161,"column":4}},"33":{"start":{"line":29,"column":13},"end":{"line":29,"column":35}}},"fnMap":{"0":{"name":"(anonymous_0)","decl":{"start":{"line":29,"column":35},"end":{"line":29,"column":36}},"loc":{"start":{"line":29,"column":81},"end":{"line":162,"column":1}}},"1":{"name":"(anonymous_1)","decl":{"start":{"line":32,"column":43},"end":{"line":32,"column":44}},"loc":{"start":{"line":32,"column":71},"end":{"line":115,"column":3}}},"2":{"name":"(anonymous_2)","decl":{"start":{"line":34,"column":35},"end":{"line":34,"column":36}},"loc":{"start":{"line":34,"column":40},"end":{"line":34,"column":65}}},"3":{"name":"(anonymous_3)","decl":{"start":{"line":35,"column":34},"end":{"line":35,"column":35}},"loc":{"start":{"line":35,"column":39},"end":{"line":35,"column":72}}},"4":{"name":"(anonymous_4)","decl":{"start":{"line":36,"column":40},"end":{"line":36,"column":41}},"loc":{"start":{"line":36,"column":45},"end":{"line":36,"column":76}}},"5":{"name":"(anonymous_5)","decl":{"start":{"line":49,"column":27},"end":{"line":49,"column":34}},"loc":{"start":{"line":49,"column":37},"end":{"line":56,"column":7}}},"6":{"name":"(anonymous_6)","decl":{"start":{"line":69,"column":52},"end":{"line":69,"column":53}},"loc":{"start":{"line":69,"column":57},"end":{"line":69,"column":72}}},"7":{"name":"(anonymous_7)","decl":{"start":{"line":75,"column":24},"end":{"line":75,"column":29}},"loc":{"start":{"line":75,"column":32},"end":{"line":77,"column":7}}},"8":{"name":"(anonymous_8)","decl":{"start":{"line":90,"column":21},"end":{"line":90,"column":26}},"loc":{"start":{"line":90,"column":29},"end":{"line":101,"column":7}}}},"branchMap":{"0":{"loc":{"start":{"line":30,"column":18},"end":{"line":30,"column":83}},"type":"binary-expr","locations":[{"start":{"line":30,"column":18},"end":{"line":30,"column":42}},{"start":{"line":30,"column":46},"end":{"line":30,"column":83}}]},"1":{"loc":{"start":{"line":44,"column":4},"end":{"line":64,"column":5}},"type":"if","locations":[{"start":{"line":44,"column":4},"end":{"line":64,"column":5}}]},"2":{"loc":{"start":{"line":47,"column":93},"end":{"line":47,"column":127}},"type":"cond-expr","locations":[{"start":{"line":47,"column":119},"end":{"line":47,"column":122}},{"start":{"line":47,"column":125},"end":{"line":47,"column":127}}]},"3":{"loc":{"start":{"line":52,"column":46},"end":{"line":52,"column":87}},"type":"binary-expr","locations":[{"start":{"line":52,"column":46},"end":{"line":52,"column":70}},{"start":{"line":52,"column":74},"end":{"line":52,"column":87}}]},"4":{"loc":{"start":{"line":53,"column":70},"end":{"line":53,"column":102}},"type":"binary-expr","locations":[{"start":{"line":53,"column":70},"end":{"line":53,"column":96}},{"start":{"line":53,"column":100},"end":{"line":53,"column":102}}]},"5":{"loc":{"start":{"line":60,"column":31},"end":{"line":60,"column":65}},"type":"cond-expr","locations":[{"start":{"line":60,"column":57},"end":{"line":60,"column":60}},{"start":{"line":60,"column":63},"end":{"line":60,"column":65}}]},"6":{"loc":{"start":{"line":67,"column":4},"end":{"line":82,"column":5}},"type":"if","locations":[{"start":{"line":67,"column":4},"end":{"line":82,"column":5}}]},"7":{"loc":{"start":{"line":76,"column":54},"end":{"line":76,"column":82}},"type":"binary-expr","locations":[{"start":{"line":76,"column":54},"end":{"line":76,"column":73}},{"start":{"line":76,"column":77},"end":{"line":76,"column":82}}]},"8":{"loc":{"start":{"line":85,"column":4},"end":{"line":103,"column":5}},"type":"if","locations":[{"start":{"line":85,"column":4},"end":{"line":103,"column":5}}]},"9":{"loc":{"start":{"line":88,"column":91},"end":{"line":88,"column":119}},"type":"cond-expr","locations":[{"start":{"line":88,"column":111},"end":{"line":88,"column":114}},{"start":{"line":88,"column":117},"end":{"line":88,"column":119}}]},"10":{"loc":{"start":{"line":97,"column":28},"end":{"line":97,"column":72}},"type":"cond-expr","locations":[{"start":{"line":97,"column":52},"end":{"line":97,"column":67}},{"start":{"line":97,"column":70},"end":{"line":97,"column":72}}]}},"s":{"0":1,"1":1,"2":17,"3":17,"4":18,"5":13,"6":18,"7":13,"8":18,"9":13,"10":18,"11":18,"12":2,"13":2,"14":3,"15":2,"16":18,"17":6,"18":6,"19":6,"20":6,"21":10,"22":6,"23":18,"24":4,"25":4,"26":4,"27":4,"28":4,"29":4,"30":18,"31":18,"32":17,"33":1},"f":{"0":17,"1":18,"2":13,"3":13,"4":13,"5":3,"6":6,"7":10,"8":4},"b":{"0":[17,16],"1":[2],"2":[1,1],"3":[3,0],"4":[3,0],"5":[1,1],"6":[6],"7":[10,1],"8":[4],"9":[0,4],"10":[3,1]}}
,"C:\\Users\\NoUse\\OneDrive\\Documents\\GitHub\\mtgartistconnection.webservice\\src\\templates\\eventDigestEmail.ts": {"path":"C:\\Users\\NoUse\\OneDrive\\Documents\\GitHub\\mtgartistconnection.webservice\\src\\templates\\eventDigestEmail.ts","statementMap":{"0":{"start":{"line":14,"column":40},"end":{"line":123,"column":1}},"1":{"start":{"line":15,"column":21},"end":{"line":21,"column":3}},"2":{"start":{"line":16,"column":4},"end":{"line":20,"column":7}},"3":{"start":{"line":23,"column":24},"end":{"line":77,"column":13}},"4":{"start":{"line":24,"column":22},"end":{"line":26,"column":71}},"5":{"start":{"line":28,"column":29},"end":{"line":28,"column":64}},"6":{"start":{"line":29,"column":26},"end":{"line":29,"column":103}},"7":{"start":{"line":30,"column":24},"end":{"line":30,"column":42}},"8":{"start":{"line":32,"column":24},"end":{"line":34,"column":10}},"9":{"start":{"line":36,"column":24},"end":{"line":54,"column":10}},"10":{"start":{"line":44,"column":34},"end":{"line":44,"column":59}},"11":{"start":{"line":45,"column":14},"end":{"line":49,"column":16}},"12":{"start":{"line":56,"column":4},"end":{"line":76,"column":6}},"13":{"start":{"line":79,"column":2},"end":{"line":122,"column":4}},"14":{"start":{"line":14,"column":13},"end":{"line":14,"column":40}}},"fnMap":{"0":{"name":"(anonymous_0)","decl":{"start":{"line":14,"column":40},"end":{"line":14,"column":41}},"loc":{"start":{"line":14,"column":72},"end":{"line":123,"column":1}}},"1":{"name":"(anonymous_1)","decl":{"start":{"line":15,"column":21},"end":{"line":15,"column":22}},"loc":{"start":{"line":15,"column":44},"end":{"line":21,"column":3}}},"2":{"name":"(anonymous_2)","decl":{"start":{"line":23,"column":35},"end":{"line":23,"column":36}},"loc":{"start":{"line":23,"column":45},"end":{"line":77,"column":3}}},"3":{"name":"(anonymous_3)","decl":{"start":{"line":43,"column":32},"end":{"line":43,"column":38}},"loc":{"start":{"line":43,"column":41},"end":{"line":50,"column":13}}}},"branchMap":{"0":{"loc":{"start":{"line":24,"column":22},"end":{"line":26,"column":71}},"type":"cond-expr","locations":[{"start":{"line":25,"column":8},"end":{"line":25,"column":35}},{"start":{"line":26,"column":8},"end":{"line":26,"column":71}}]},"1":{"loc":{"start":{"line":29,"column":34},"end":{"line":29,"column":102}},"type":"binary-expr","locations":[{"start":{"line":29,"column":34},"end":{"line":29,"column":52}},{"start":{"line":29,"column":57},"end":{"line":29,"column":101}}]},"2":{"loc":{"start":{"line":29,"column":57},"end":{"line":29,"column":101}},"type":"cond-expr","locations":[{"start":{"line":29,"column":77},"end":{"line":29,"column":96}},{"start":{"line":29,"column":99},"end":{"line":29,"column":101}}]},"3":{"loc":{"start":{"line":32,"column":24},"end":{"line":34,"column":10}},"type":"cond-expr","locations":[{"start":{"line":33,"column":8},"end":{"line":33,"column":293}},{"start":{"line":34,"column":8},"end":{"line":34,"column":10}}]},"4":{"loc":{"start":{"line":32,"column":24},"end":{"line":32,"column":59}},"type":"binary-expr","locations":[{"start":{"line":32,"column":24},"end":{"line":32,"column":40}},{"start":{"line":32,"column":44},"end":{"line":32,"column":59}}]},"5":{"loc":{"start":{"line":33,"column":209},"end":{"line":33,"column":284}},"type":"cond-expr","locations":[{"start":{"line":33,"column":229},"end":{"line":33,"column":247}},{"start":{"line":33,"column":250},"end":{"line":33,"column":284}}]},"6":{"loc":{"start":{"line":36,"column":24},"end":{"line":54,"column":10}},"type":"cond-expr","locations":[{"start":{"line":37,"column":8},"end":{"line":53,"column":null}},{"start":{"line":54,"column":8},"end":{"line":54,"column":10}}]},"7":{"loc":{"start":{"line":36,"column":24},"end":{"line":36,"column":65}},"type":"binary-expr","locations":[{"start":{"line":36,"column":24},"end":{"line":36,"column":37}},{"start":{"line":36,"column":41},"end":{"line":36,"column":65}}]},"8":{"loc":{"start":{"line":46,"column":72},"end":{"line":46,"column":107}},"type":"cond-expr","locations":[{"start":{"line":46,"column":86},"end":{"line":46,"column":95}},{"start":{"line":46,"column":98},"end":{"line":46,"column":107}}]},"9":{"loc":{"start":{"line":46,"column":130},"end":{"line":46,"column":165}},"type":"cond-expr","locations":[{"start":{"line":46,"column":144},"end":{"line":46,"column":153}},{"start":{"line":46,"column":156},"end":{"line":46,"column":165}}]},"10":{"loc":{"start":{"line":46,"column":177},"end":{"line":46,"column":212}},"type":"cond-expr","locations":[{"start":{"line":46,"column":191},"end":{"line":46,"column":200}},{"start":{"line":46,"column":203},"end":{"line":46,"column":212}}]},"11":{"loc":{"start":{"line":46,"column":287},"end":{"line":46,"column":314}},"type":"cond-expr","locations":[{"start":{"line":46,"column":301},"end":{"line":46,"column":306}},{"start":{"line":46,"column":309},"end":{"line":46,"column":314}}]},"12":{"loc":{"start":{"line":47,"column":29},"end":{"line":47,"column":52}},"type":"cond-expr","locations":[{"start":{"line":47,"column":43},"end":{"line":47,"column":47}},{"start":{"line":47,"column":50},"end":{"line":47,"column":52}}]},"13":{"loc":{"start":{"line":65,"column":24},"end":{"line":65,"column":68}},"type":"cond-expr","locations":[{"start":{"line":65,"column":60},"end":{"line":65,"column":63}},{"start":{"line":65,"column":66},"end":{"line":65,"column":68}}]},"14":{"loc":{"start":{"line":67,"column":10},"end":{"line":73,"column":14}},"type":"cond-expr","locations":[{"start":{"line":67,"column":22},"end":{"line":73,"column":10}},{"start":{"line":73,"column":12},"end":{"line":73,"column":14}}]}},"s":{"0":1,"1":16,"2":33,"3":16,"4":17,"5":17,"6":17,"7":17,"8":17,"9":17,"10":4,"11":4,"12":17,"13":16,"14":1},"f":{"0":16,"1":33,"2":17,"3":4},"b":{"0":[1,16],"1":[17,14],"2":[1,13],"3":[4,13],"4":[17,4],"5":[3,1],"6":[2,15],"7":[17,3],"8":[1,3],"9":[1,3],"10":[1,3],"11":[1,3],"12":[1,3],"13":[16,1],"14":[16,1]}}
,"C:\\Users\\NoUse\\OneDrive\\Documents\\GitHub\\mtgartistconnection.webservice\\src\\templates\\missingArtistsEmail.ts": {"path":"C:\\Users\\NoUse\\OneDrive\\Documents\\GitHub\\mtgartistconnection.webservice\\src\\templates\\missingArtistsEmail.ts","statementMap":{"0":{"start":{"line":6,"column":41},"end":{"line":82,"column":1}},"1":{"start":{"line":12,"column":28},"end":{"line":14,"column":13}},"2":{"start":{"line":13,"column":17},"end":{"line":13,"column":63}},"3":{"start":{"line":16,"column":28},"end":{"line":18,"column":13}},"4":{"start":{"line":17,"column":19},"end":{"line":17,"column":130}},"5":{"start":{"line":20,"column":31},"end":{"line":31,"column":8}},"6":{"start":{"line":33,"column":31},"end":{"line":44,"column":8}},"7":{"start":{"line":46,"column":2},"end":{"line":81,"column":4}},"8":{"start":{"line":6,"column":13},"end":{"line":6,"column":41}}},"fnMap":{"0":{"name":"(anonymous_0)","decl":{"start":{"line":6,"column":41},"end":{"line":6,"column":null}},"loc":{"start":{"line":11,"column":12},"end":{"line":82,"column":1}}},"1":{"name":"(anonymous_1)","decl":{"start":{"line":13,"column":9},"end":{"line":13,"column":13}},"loc":{"start":{"line":13,"column":17},"end":{"line":13,"column":63}}},"2":{"name":"(anonymous_2)","decl":{"start":{"line":17,"column":9},"end":{"line":17,"column":15}},"loc":{"start":{"line":17,"column":19},"end":{"line":17,"column":130}}}},"branchMap":{"0":{"loc":{"start":{"line":20,"column":31},"end":{"line":31,"column":8}},"type":"cond-expr","locations":[{"start":{"line":20,"column":58},"end":{"line":31,"column":4}},{"start":{"line":31,"column":6},"end":{"line":31,"column":8}}]},"1":{"loc":{"start":{"line":33,"column":31},"end":{"line":44,"column":8}},"type":"cond-expr","locations":[{"start":{"line":33,"column":58},"end":{"line":44,"column":4}},{"start":{"line":44,"column":6},"end":{"line":44,"column":8}}]}},"s":{"0":0,"1":0,"2":0,"3":0,"4":0,"5":0,"6":0,"7":0,"8":0},"f":{"0":0,"1":0,"2":0},"b":{"0":[0,0],"1":[0,0]}}
,"C:\\Users\\NoUse\\OneDrive\\Documents\\GitHub\\mtgartistconnection.webservice\\src\\templates\\newArtistDigestEmail.ts": {"path":"C:\\Users\\NoUse\\OneDrive\\Documents\\GitHub\\mtgartistconnection.webservice\\src\\templates\\newArtistDigestEmail.ts","statementMap":{"0":{"start":{"line":1,"column":44},"end":{"line":64,"column":1}},"1":{"start":{"line":2,"column":21},"end":{"line":9,"column":13}},"2":{"start":{"line":2,"column":45},"end":{"line":9,"column":4}},"3":{"start":{"line":11,"column":22},"end":{"line":11,"column":40}},"4":{"start":{"line":12,"column":21},"end":{"line":12,"column":70}},"5":{"start":{"line":14,"column":2},"end":{"line":63,"column":4}},"6":{"start":{"line":1,"column":13},"end":{"line":1,"column":44}}},"fnMap":{"0":{"name":"(anonymous_0)","decl":{"start":{"line":1,"column":44},"end":{"line":1,"column":45}},"loc":{"start":{"line":1,"column":78},"end":{"line":64,"column":1}}},"1":{"name":"(anonymous_1)","decl":{"start":{"line":2,"column":37},"end":{"line":2,"column":41}},"loc":{"start":{"line":2,"column":45},"end":{"line":9,"column":4}}}},"branchMap":{"0":{"loc":{"start":{"line":4,"column":19},"end":{"line":4,"column":80}},"type":"binary-expr","locations":[{"start":{"line":4,"column":19},"end":{"line":4,"column":43}},{"start":{"line":4,"column":47},"end":{"line":4,"column":80}}]},"1":{"loc":{"start":{"line":12,"column":21},"end":{"line":12,"column":70}},"type":"cond-expr","locations":[{"start":{"line":12,"column":41},"end":{"line":12,"column":53}},{"start":{"line":12,"column":56},"end":{"line":12,"column":70}}]},"2":{"loc":{"start":{"line":37,"column":21},"end":{"line":37,"column":82}},"type":"binary-expr","locations":[{"start":{"line":37,"column":21},"end":{"line":37,"column":45}},{"start":{"line":37,"column":49},"end":{"line":37,"column":82}}]},"3":{"loc":{"start":{"line":45,"column":23},"end":{"line":45,"column":84}},"type":"binary-expr","locations":[{"start":{"line":45,"column":23},"end":{"line":45,"column":47}},{"start":{"line":45,"column":51},"end":{"line":45,"column":84}}]},"4":{"loc":{"start":{"line":54,"column":23},"end":{"line":54,"column":84}},"type":"binary-expr","locations":[{"start":{"line":54,"column":23},"end":{"line":54,"column":47}},{"start":{"line":54,"column":51},"end":{"line":54,"column":84}}]}},"s":{"0":1,"1":11,"2":12,"3":11,"4":11,"5":11,"6":1},"f":{"0":11,"1":12},"b":{"0":[12,11],"1":[7,4],"2":[11,10],"3":[11,10],"4":[11,10]}}
,"C:\\Users\\NoUse\\OneDrive\\Documents\\GitHub\\mtgartistconnection.webservice\\src\\templates\\welcomeEmail.ts": {"path":"C:\\Users\\NoUse\\OneDrive\\Documents\\GitHub\\mtgartistconnection.webservice\\src\\templates\\welcomeEmail.ts","statementMap":{"0":{"start":{"line":1,"column":36},"end":{"line":63,"column":1}},"1":{"start":{"line":2,"column":22},"end":{"line":2,"column":83}},"2":{"start":{"line":4,"column":2},"end":{"line":62,"column":4}},"3":{"start":{"line":1,"column":13},"end":{"line":1,"column":36}}},"fnMap":{"0":{"name":"(anonymous_0)","decl":{"start":{"line":1,"column":36},"end":{"line":1,"column":47}},"loc":{"start":{"line":1,"column":49},"end":{"line":63,"column":1}}}},"branchMap":{"0":{"loc":{"start":{"line":2,"column":22},"end":{"line":2,"column":83}},"type":"binary-expr","locations":[{"start":{"line":2,"column":22},"end":{"line":2,"column":46}},{"start":{"line":2,"column":50},"end":{"line":2,"column":83}}]}},"s":{"0":1,"1":8,"2":8,"3":1},"f":{"0":8},"b":{"0":[8,7]}}
,"C:\\Users\\NoUse\\OneDrive\\Documents\\GitHub\\mtgartistconnection.webservice\\src\\utils\\artistCache.ts": {"path":"C:\\Users\\NoUse\\OneDrive\\Documents\\GitHub\\mtgartistconnection.webservice\\src\\utils\\artistCache.ts","statementMap":{"0":{"start":{"line":1,"column":13},"end":{"line":1,"column":58}},"1":{"start":{"line":6,"column":14},"end":{"line":6,"column":44}},"2":{"start":{"line":8,"column":13},"end":{"line":8,"column":50}},"3":{"start":{"line":11,"column":18},"end":{"line":11,"column":56}},"4":{"start":{"line":12,"column":4},"end":{"line":12,"column":33}},"5":{"start":{"line":12,"column":16},"end":{"line":12,"column":33}},"6":{"start":{"line":13,"column":4},"end":{"line":13,"column":78}},"7":{"start":{"line":13,"column":40},"end":{"line":13,"column":58}},"8":{"start":{"line":13,"column":59},"end":{"line":13,"column":76}},"9":{"start":{"line":14,"column":4},"end":{"line":14,"column":23}},"10":{"start":{"line":10,"column":0},"end":{"line":10,"column":16}},"11":{"start":{"line":18,"column":4},"end":{"line":18,"column":61}},"12":{"start":{"line":17,"column":0},"end":{"line":17,"column":16}},"13":{"start":{"line":22,"column":4},"end":{"line":22,"column":39}},"14":{"start":{"line":22,"column":22},"end":{"line":22,"column":37}},"15":{"start":{"line":21,"column":0},"end":{"line":21,"column":16}}},"fnMap":{"0":{"name":"cacheGet","decl":{"start":{"line":10,"column":16},"end":{"line":10,"column":24}},"loc":{"start":{"line":10,"column":36},"end":{"line":15,"column":1}}},"1":{"name":"cacheSet","decl":{"start":{"line":17,"column":16},"end":{"line":17,"column":24}},"loc":{"start":{"line":17,"column":83},"end":{"line":19,"column":1}}},"2":{"name":"invalidateArtistCache","decl":{"start":{"line":21,"column":16},"end":{"line":21,"column":37}},"loc":{"start":{"line":21,"column":37},"end":{"line":23,"column":1}}},"3":{"name":"(anonymous_3)","decl":{"start":{"line":22,"column":17},"end":{"line":22,"column":18}},"loc":{"start":{"line":22,"column":22},"end":{"line":22,"column":37}}}},"branchMap":{"0":{"loc":{"start":{"line":12,"column":4},"end":{"line":12,"column":33}},"type":"if","locations":[{"start":{"line":12,"column":4},"end":{"line":12,"column":33}}]},"1":{"loc":{"start":{"line":13,"column":4},"end":{"line":13,"column":78}},"type":"if","locations":[{"start":{"line":13,"column":4},"end":{"line":13,"column":78}}]},"2":{"loc":{"start":{"line":17,"column":48},"end":{"line":17,"column":83}},"type":"default-arg","locations":[{"start":{"line":17,"column":64},"end":{"line":17,"column":83}}]}},"s":{"0":1,"1":1,"2":1,"3":15,"4":15,"5":5,"6":10,"7":3,"8":3,"9":7,"10":1,"11":14,"12":1,"13":18,"14":36,"15":1},"f":{"0":15,"1":14,"2":18,"3":36},"b":{"0":[5],"1":[3],"2":[11]}}
,"C:\\Users\\NoUse\\OneDrive\\Documents\\GitHub\\mtgartistconnection.webservice\\src\\utils\\connection.ts": {"path":"C:\\Users\\NoUse\\OneDrive\\Documents\\GitHub\\mtgartistconnection.webservice\\src\\utils\\connection.ts","statementMap":{"0":{"start":{"line":1,"column":0},"end":{"line":1,"column":35}},"1":{"start":{"line":3,"column":33},"end":{"line":10,"column":1}},"2":{"start":{"line":4,"column":4},"end":{"line":9,"column":5}},"3":{"start":{"line":5,"column":8},"end":{"line":5,"column":null}},"4":{"start":{"line":7,"column":8},"end":{"line":7,"column":25}},"5":{"start":{"line":8,"column":8},"end":{"line":8,"column":29}},"6":{"start":{"line":3,"column":13},"end":{"line":3,"column":33}}},"fnMap":{"0":{"name":"(anonymous_0)","decl":{"start":{"line":3,"column":33},"end":{"line":3,"column":38}},"loc":{"start":{"line":3,"column":43},"end":{"line":10,"column":1}}}},"branchMap":{},"s":{"0":0,"1":0,"2":0,"3":0,"4":0,"5":0,"6":0},"f":{"0":0},"b":{}}
}
