TN:
SF:src\app.ts
FN:33,(anonymous_1)
FN:36,(anonymous_2)
FN:52,(anonymous_3)
FN:63,(anonymous_4)
FN:74,(anonymous_5)
FN:85,(anonymous_6)
FN:92,(anonymous_7)
FN:103,(anonymous_8)
FN:114,(anonymous_9)
FN:125,(anonymous_10)
FN:138,(anonymous_11)
FN:142,(anonymous_12)
FN:153,(anonymous_13)
FN:156,(anonymous_14)
FNF:14
FNH:0
FNDA:0,(anonymous_1)
FNDA:0,(anonymous_2)
FNDA:0,(anonymous_3)
FNDA:0,(anonymous_4)
FNDA:0,(anonymous_5)
FNDA:0,(anonymous_6)
FNDA:0,(anonymous_7)
FNDA:0,(anonymous_8)
FNDA:0,(anonymous_9)
FNDA:0,(anonymous_10)
FNDA:0,(anonymous_11)
FNDA:0,(anonymous_12)
FNDA:0,(anonymous_13)
FNDA:0,(anonymous_14)
DA:1,0
DA:2,0
DA:3,0
DA:4,0
DA:5,0
DA:6,0
DA:7,0
DA:8,0
DA:9,0
DA:10,0
DA:11,0
DA:12,0
DA:13,0
DA:14,0
DA:15,0
DA:16,0
DA:17,0
DA:18,0
DA:21,0
DA:23,0
DA:25,0
DA:28,0
DA:29,0
DA:32,0
DA:33,0
DA:35,0
DA:38,0
DA:41,0
DA:42,0
DA:44,0
DA:45,0
DA:50,0
DA:52,0
DA:53,0
DA:54,0
DA:58,0
DA:61,0
DA:63,0
DA:64,0
DA:65,0
DA:73,0
DA:74,0
DA:84,0
DA:87,0
DA:88,0
DA:92,0
DA:93,0
DA:94,0
DA:95,0
DA:97,0
DA:100,0
DA:103,0
DA:104,0
DA:105,0
DA:106,0
DA:108,0
DA:111,0
DA:114,0
DA:115,0
DA:116,0
DA:117,0
DA:119,0
DA:122,0
DA:125,0
DA:126,0
DA:127,0
DA:128,0
DA:130,0
DA:133,0
DA:136,0
DA:137,0
DA:138,0
DA:142,0
DA:143,0
DA:144,0
DA:145,0
DA:147,0
DA:150,0
DA:152,0
DA:153,0
DA:156,0
LF:81
LH:0
BRDA:32,0,0,0
BRDA:32,0,1,0
BRDA:38,1,0,0
BRDA:41,2,0,0
BRDA:41,2,1,0
BRDA:56,3,0,0
BRDA:56,3,1,0
BRDA:136,4,0,0
BRF:8
BRH:0
end_of_record
TN:
SF:src\handlers\handlers.ts
FN:57,rangeToDate
FN:72,(anonymous_2)
FN:79,(anonymous_3)
FN:98,(anonymous_4)
FN:119,(anonymous_5)
FN:127,(anonymous_6)
FN:141,(anonymous_7)
FN:148,(anonymous_8)
FN:154,(anonymous_9)
FN:160,(anonymous_10)
FN:166,(anonymous_11)
FN:173,(anonymous_12)
FN:180,(anonymous_13)
FN:187,(anonymous_14)
FN:188,(anonymous_15)
FN:201,(anonymous_16)
FN:206,(anonymous_17)
FN:223,(anonymous_18)
FN:242,(anonymous_19)
FN:249,(anonymous_20)
FN:269,(anonymous_21)
FN:283,(anonymous_22)
FN:302,(anonymous_23)
FN:319,(anonymous_24)
FN:333,(anonymous_25)
FN:343,(anonymous_26)
FN:363,(anonymous_27)
FN:374,(anonymous_28)
FN:383,(anonymous_29)
FN:398,(anonymous_30)
FN:402,(anonymous_31)
FN:403,(anonymous_32)
FN:423,(anonymous_33)
FN:428,(anonymous_34)
FN:429,(anonymous_35)
FN:441,(anonymous_36)
FN:459,(anonymous_37)
FN:464,(anonymous_38)
FN:467,(anonymous_39)
FN:470,(anonymous_40)
FN:472,(anonymous_41)
FN:484,(anonymous_42)
FN:507,(anonymous_43)
FN:513,(anonymous_44)
FN:514,(anonymous_45)
FN:531,(anonymous_46)
FN:546,(anonymous_47)
FN:567,(anonymous_48)
FN:594,(anonymous_49)
FN:630,(anonymous_50)
FN:711,(anonymous_51)
FN:733,(anonymous_52)
FN:749,(anonymous_53)
FN:801,(anonymous_54)
FN:861,(anonymous_55)
FN:901,(anonymous_56)
FN:959,(anonymous_57)
FN:1007,(anonymous_58)
FN:1050,(anonymous_59)
FN:1107,(anonymous_60)
FN:1129,(anonymous_61)
FN:1152,(anonymous_62)
FN:1205,(anonymous_63)
FN:1227,(anonymous_64)
FN:1251,(anonymous_65)
FN:1281,(anonymous_66)
FN:1298,(anonymous_67)
FN:1321,(anonymous_68)
FN:1373,(anonymous_69)
FN:1437,(anonymous_70)
FN:1463,(anonymous_71)
FN:1529,(anonymous_72)
FN:1559,(anonymous_73)
FN:1578,(anonymous_74)
FN:1593,(anonymous_75)
FN:1597,(anonymous_76)
FN:1618,(anonymous_77)
FN:1637,(anonymous_78)
FN:1660,(anonymous_79)
FNF:79
FNH:0
FNDA:0,rangeToDate
FNDA:0,(anonymous_2)
FNDA:0,(anonymous_3)
FNDA:0,(anonymous_4)
FNDA:0,(anonymous_5)
FNDA:0,(anonymous_6)
FNDA:0,(anonymous_7)
FNDA:0,(anonymous_8)
FNDA:0,(anonymous_9)
FNDA:0,(anonymous_10)
FNDA:0,(anonymous_11)
FNDA:0,(anonymous_12)
FNDA:0,(anonymous_13)
FNDA:0,(anonymous_14)
FNDA:0,(anonymous_15)
FNDA:0,(anonymous_16)
FNDA:0,(anonymous_17)
FNDA:0,(anonymous_18)
FNDA:0,(anonymous_19)
FNDA:0,(anonymous_20)
FNDA:0,(anonymous_21)
FNDA:0,(anonymous_22)
FNDA:0,(anonymous_23)
FNDA:0,(anonymous_24)
FNDA:0,(anonymous_25)
FNDA:0,(anonymous_26)
FNDA:0,(anonymous_27)
FNDA:0,(anonymous_28)
FNDA:0,(anonymous_29)
FNDA:0,(anonymous_30)
FNDA:0,(anonymous_31)
FNDA:0,(anonymous_32)
FNDA:0,(anonymous_33)
FNDA:0,(anonymous_34)
FNDA:0,(anonymous_35)
FNDA:0,(anonymous_36)
FNDA:0,(anonymous_37)
FNDA:0,(anonymous_38)
FNDA:0,(anonymous_39)
FNDA:0,(anonymous_40)
FNDA:0,(anonymous_41)
FNDA:0,(anonymous_42)
FNDA:0,(anonymous_43)
FNDA:0,(anonymous_44)
FNDA:0,(anonymous_45)
FNDA:0,(anonymous_46)
FNDA:0,(anonymous_47)
FNDA:0,(anonymous_48)
FNDA:0,(anonymous_49)
FNDA:0,(anonymous_50)
FNDA:0,(anonymous_51)
FNDA:0,(anonymous_52)
FNDA:0,(anonymous_53)
FNDA:0,(anonymous_54)
FNDA:0,(anonymous_55)
FNDA:0,(anonymous_56)
FNDA:0,(anonymous_57)
FNDA:0,(anonymous_58)
FNDA:0,(anonymous_59)
FNDA:0,(anonymous_60)
FNDA:0,(anonymous_61)
FNDA:0,(anonymous_62)
FNDA:0,(anonymous_63)
FNDA:0,(anonymous_64)
FNDA:0,(anonymous_65)
FNDA:0,(anonymous_66)
FNDA:0,(anonymous_67)
FNDA:0,(anonymous_68)
FNDA:0,(anonymous_69)
FNDA:0,(anonymous_70)
FNDA:0,(anonymous_71)
FNDA:0,(anonymous_72)
FNDA:0,(anonymous_73)
FNDA:0,(anonymous_74)
FNDA:0,(anonymous_75)
FNDA:0,(anonymous_76)
FNDA:0,(anonymous_77)
FNDA:0,(anonymous_78)
FNDA:0,(anonymous_79)
DA:1,0
DA:2,0
DA:3,0
DA:4,0
DA:5,0
DA:6,0
DA:7,0
DA:8,0
DA:9,0
DA:10,0
DA:11,0
DA:12,0
DA:13,0
DA:14,0
DA:15,0
DA:16,0
DA:17,0
DA:18,0
DA:19,0
DA:20,0
DA:21,0
DA:22,0
DA:23,0
DA:27,0
DA:35,0
DA:58,0
DA:59,0
DA:60,0
DA:61,0
DA:62,0
DA:63,0
DA:66,0
DA:73,0
DA:80,0
DA:81,0
DA:82,0
DA:87,0
DA:88,0
DA:99,0
DA:100,0
DA:110,0
DA:120,0
DA:121,0
DA:122,0
DA:127,0
DA:128,0
DA:129,0
DA:130,0
DA:131,0
DA:132,0
DA:134,0
DA:135,0
DA:142,0
DA:149,0
DA:155,0
DA:161,0
DA:167,0
DA:174,0
DA:181,0
DA:188,0
DA:193,0
DA:203,0
DA:205,0
DA:206,0
DA:211,0
DA:212,0
DA:215,0
DA:225,0
DA:227,0
DA:233,0
DA:234,0
DA:237,0
DA:243,0
DA:244,0
DA:250,0
DA:252,0
DA:253,0
DA:254,0
DA:255,0
DA:257,0
DA:259,0
DA:270,0
DA:271,0
DA:272,0
DA:273,0
DA:285,0
DA:286,0
DA:287,0
DA:290,0
DA:291,0
DA:292,0
DA:293,0
DA:294,0
DA:303,0
DA:305,0
DA:306,0
DA:309,0
DA:310,0
DA:321,0
DA:325,0
DA:334,0
DA:335,0
DA:344,0
DA:345,0
DA:364,0
DA:365,0
DA:366,0
DA:368,0
DA:369,0
DA:374,0
DA:377,0
DA:378,0
DA:383,0
DA:386,0
DA:387,0
DA:397,0
DA:398,0
DA:399,0
DA:401,0
DA:402,0
DA:403,0
DA:406,0
DA:407,0
DA:412,0
DA:422,0
DA:423,0
DA:424,0
DA:425,0
DA:427,0
DA:428,0
DA:429,0
DA:432,0
DA:442,0
DA:443,0
DA:444,0
DA:445,0
DA:447,0
DA:458,0
DA:459,0
DA:460,0
DA:463,0
DA:464,0
DA:467,0
DA:468,0
DA:469,0
DA:470,0
DA:472,0
DA:485,0
DA:486,0
DA:487,0
DA:489,0
DA:495,0
DA:506,0
DA:507,0
DA:508,0
DA:509,0
DA:512,0
DA:513,0
DA:514,0
DA:520,0
DA:533,0
DA:534,0
DA:535,0
DA:536,0
DA:538,0
DA:539,0
DA:542,0
DA:543,0
DA:546,0
DA:547,0
DA:550,0
DA:556,0
DA:569,0
DA:570,0
DA:571,0
DA:572,0
DA:573,0
DA:576,0
DA:577,0
DA:579,0
DA:585,0
DA:595,0
DA:596,0
DA:597,0
DA:598,0
DA:600,0
DA:658,0
DA:661,0
DA:662,0
DA:663,0
DA:664,0
DA:688,0
DA:689,0
DA:692,0
DA:699,0
DA:701,0
DA:713,0
DA:715,0
DA:717,0
DA:718,0
DA:719,0
DA:720,0
DA:721,0
DA:722,0
DA:723,0
DA:725,0
DA:727,0
DA:735,0
DA:737,0
DA:738,0
DA:739,0
DA:751,0
DA:753,0
DA:755,0
DA:756,0
DA:757,0
DA:758,0
DA:759,0
DA:760,0
DA:761,0
DA:765,0
DA:766,0
DA:768,0
DA:770,0
DA:803,0
DA:805,0
DA:807,0
DA:809,0
DA:810,0
DA:813,0
DA:814,0
DA:816,0
DA:817,0
DA:818,0
DA:819,0
DA:820,0
DA:826,0
DA:833,0
DA:834,0
DA:835,0
DA:844,0
DA:846,0
DA:863,0
DA:866,0
DA:867,0
DA:868,0
DA:869,0
DA:870,0
DA:873,0
DA:874,0
DA:888,0
DA:890,0
DA:903,0
DA:906,0
DA:907,0
DA:908,0
DA:909,0
DA:910,0
DA:913,0
DA:914,0
DA:916,0
DA:929,0
DA:930,0
DA:946,0
DA:948,0
DA:961,0
DA:963,0
DA:964,0
DA:965,0
DA:966,0
DA:973,0
DA:974,0
DA:975,0
DA:982,0
DA:983,0
DA:984,0
DA:986,0
DA:991,0
DA:1009,0
DA:1011,0
DA:1012,0
DA:1013,0
DA:1014,0
DA:1021,0
DA:1022,0
DA:1023,0
DA:1024,0
DA:1027,0
DA:1029,0
DA:1031,0
DA:1036,0
DA:1037,0
DA:1052,0
DA:1054,0
DA:1055,0
DA:1056,0
DA:1057,0
DA:1064,0
DA:1065,0
DA:1066,0
DA:1072,0
DA:1073,0
DA:1077,0
DA:1078,0
DA:1085,0
DA:1086,0
DA:1088,0
DA:1093,0
DA:1094,0
DA:1109,0
DA:1111,0
DA:1112,0
DA:1113,0
DA:1114,0
DA:1120,0
DA:1121,0
DA:1128,0
DA:1129,0
DA:1131,0
DA:1133,0
DA:1138,0
DA:1139,0
DA:1154,0
DA:1156,0
DA:1157,0
DA:1158,0
DA:1159,0
DA:1165,0
DA:1166,0
DA:1170,0
DA:1171,0
DA:1178,0
DA:1181,0
DA:1182,0
DA:1184,0
DA:1186,0
DA:1191,0
DA:1192,0
DA:1207,0
DA:1209,0
DA:1210,0
DA:1211,0
DA:1212,0
DA:1218,0
DA:1219,0
DA:1226,0
DA:1227,0
DA:1229,0
DA:1231,0
DA:1236,0
DA:1237,0
DA:1253,0
DA:1255,0
DA:1256,0
DA:1261,0
DA:1263,0
DA:1268,0
DA:1283,0
DA:1285,0
DA:1286,0
DA:1287,0
DA:1289,0
DA:1291,0
DA:1300,0
DA:1302,0
DA:1303,0
DA:1304,0
DA:1309,0
DA:1323,0
DA:1325,0
DA:1327,0
DA:1328,0
DA:1329,0
DA:1333,0
DA:1334,0
DA:1335,0
DA:1339,0
DA:1347,0
DA:1357,0
DA:1359,0
DA:1361,0
DA:1375,0
DA:1377,0
DA:1378,0
DA:1379,0
DA:1380,0
DA:1383,0
DA:1384,0
DA:1385,0
DA:1386,0
DA:1387,0
DA:1388,0
DA:1395,0
DA:1396,0
DA:1404,0
DA:1407,0
DA:1422,0
DA:1424,0
DA:1426,0
DA:1439,0
DA:1441,0
DA:1442,0
DA:1443,0
DA:1449,0
DA:1465,0
DA:1467,0
DA:1469,0
DA:1470,0
DA:1471,0
DA:1474,0
DA:1475,0
DA:1476,0
DA:1477,0
DA:1478,0
DA:1479,0
DA:1480,0
DA:1482,0
DA:1483,0
DA:1487,0
DA:1488,0
DA:1489,0
DA:1493,0
DA:1495,0
DA:1501,0
DA:1502,0
DA:1512,0
DA:1515,0
DA:1517,0
DA:1531,0
DA:1533,0
DA:1534,0
DA:1535,0
DA:1536,0
DA:1539,0
DA:1541,0
DA:1560,0
DA:1561,0
DA:1562,0
DA:1563,0
DA:1564,0
DA:1565,0
DA:1566,0
DA:1579,0
DA:1580,0
DA:1581,0
DA:1582,0
DA:1584,0
DA:1594,0
DA:1595,0
DA:1596,0
DA:1598,0
DA:1604,0
DA:1606,0
DA:1619,0
DA:1620,0
DA:1621,0
DA:1623,0
DA:1624,0
DA:1625,0
DA:1627,0
DA:1638,0
DA:1639,0
DA:1640,0
DA:1642,0
DA:1643,0
DA:1644,0
DA:1646,0
DA:1661,0
DA:1663,0
DA:1664,0
DA:1665,0
DA:1668,0
DA:1669,0
DA:1670,0
DA:1671,0
DA:1679,0
DA:1680,0
DA:1682,0
DA:1683,0
DA:1685,0
DA:1692,0
LF:481
LH:0
BRDA:58,0,0,0
BRDA:58,1,0,0
BRDA:58,1,1,0
BRDA:59,2,0,0
BRDA:59,2,1,0
BRDA:59,3,0,0
BRDA:59,3,1,0
BRDA:59,4,0,0
BRDA:59,4,1,0
BRDA:60,5,0,0
BRDA:81,6,0,0
BRDA:98,7,0,0
BRDA:98,8,0,0
BRDA:121,9,0,0
BRDA:129,10,0,0
BRDA:130,11,0,0
BRDA:130,12,0,0
BRDA:130,12,1,0
BRDA:130,12,2,0
BRDA:131,13,0,0
BRDA:131,14,0,0
BRDA:131,14,1,0
BRDA:132,15,0,0
BRDA:132,15,1,0
BRDA:132,16,0,0
BRDA:132,16,1,0
BRDA:211,17,0,0
BRDA:233,18,0,0
BRDA:254,19,0,0
BRDA:272,20,0,0
BRDA:285,21,0,0
BRDA:285,22,0,0
BRDA:285,22,1,0
BRDA:292,23,0,0
BRDA:293,24,0,0
BRDA:305,25,0,0
BRDA:305,26,0,0
BRDA:305,26,1,0
BRDA:366,27,0,0
BRDA:366,27,1,0
BRDA:368,28,0,0
BRDA:377,29,0,0
BRDA:386,30,0,0
BRDA:399,31,0,0
BRDA:399,31,1,0
BRDA:406,32,0,0
BRDA:425,33,0,0
BRDA:425,33,1,0
BRDA:444,34,0,0
BRDA:444,34,1,0
BRDA:445,35,0,0
BRDA:445,35,1,0
BRDA:460,36,0,0
BRDA:460,36,1,0
BRDA:474,37,0,0
BRDA:474,37,1,0
BRDA:487,38,0,0
BRDA:487,38,1,0
BRDA:509,39,0,0
BRDA:509,39,1,0
BRDA:535,40,0,0
BRDA:571,41,0,0
BRDA:573,42,0,0
BRDA:663,43,0,0
BRDA:720,44,0,0
BRDA:760,45,0,0
BRDA:810,46,0,0
BRDA:817,47,0,0
BRDA:817,48,0,0
BRDA:817,48,1,0
BRDA:819,49,0,0
BRDA:833,50,0,0
BRDA:846,51,0,0
BRDA:846,51,1,0
BRDA:868,52,0,0
BRDA:873,53,0,0
BRDA:881,54,0,0
BRDA:881,54,1,0
BRDA:908,55,0,0
BRDA:914,56,0,0
BRDA:923,57,0,0
BRDA:923,57,1,0
BRDA:923,58,0,0
BRDA:923,58,1,0
BRDA:929,59,0,0
BRDA:937,60,0,0
BRDA:937,60,1,0
BRDA:965,61,0,0
BRDA:974,62,0,0
BRDA:1013,63,0,0
BRDA:1056,64,0,0
BRDA:1065,65,0,0
BRDA:1072,66,0,0
BRDA:1077,67,0,0
BRDA:1113,68,0,0
BRDA:1120,69,0,0
BRDA:1120,70,0,0
BRDA:1120,70,1,0
BRDA:1158,71,0,0
BRDA:1165,72,0,0
BRDA:1170,73,0,0
BRDA:1211,74,0,0
BRDA:1218,75,0,0
BRDA:1218,76,0,0
BRDA:1218,76,1,0
BRDA:1261,77,0,0
BRDA:1270,78,0,0
BRDA:1270,78,1,0
BRDA:1287,79,0,0
BRDA:1291,80,0,0
BRDA:1291,80,1,0
BRDA:1311,81,0,0
BRDA:1311,81,1,0
BRDA:1328,82,0,0
BRDA:1334,83,0,0
BRDA:1361,84,0,0
BRDA:1361,84,1,0
BRDA:1383,85,0,0
BRDA:1383,86,0,0
BRDA:1383,86,1,0
BRDA:1386,87,0,0
BRDA:1395,88,0,0
BRDA:1395,88,1,0
BRDA:1399,89,0,0
BRDA:1399,89,1,0
BRDA:1410,90,0,0
BRDA:1410,90,1,0
BRDA:1411,91,0,0
BRDA:1411,91,1,0
BRDA:1418,92,0,0
BRDA:1418,92,1,0
BRDA:1419,93,0,0
BRDA:1419,93,1,0
BRDA:1426,94,0,0
BRDA:1426,94,1,0
BRDA:1449,95,0,0
BRDA:1449,95,1,0
BRDA:1470,96,0,0
BRDA:1475,97,0,0
BRDA:1476,98,0,0
BRDA:1477,99,0,0
BRDA:1478,100,0,0
BRDA:1479,101,0,0
BRDA:1482,102,0,0
BRDA:1482,103,0,0
BRDA:1482,103,1,0
BRDA:1488,104,0,0
BRDA:1493,105,0,0
BRDA:1493,106,0,0
BRDA:1493,106,1,0
BRDA:1495,107,0,0
BRDA:1495,107,1,0
BRDA:1497,108,0,0
BRDA:1497,108,1,0
BRDA:1519,109,0,0
BRDA:1519,109,1,0
BRDA:1535,110,0,0
BRDA:1543,111,0,0
BRDA:1543,111,1,0
BRDA:1562,112,0,0
BRDA:1562,113,0,0
BRDA:1562,113,1,0
BRDA:1563,114,0,0
BRDA:1563,115,0,0
BRDA:1563,115,1,0
BRDA:1564,116,0,0
BRDA:1564,117,0,0
BRDA:1564,117,1,0
BRDA:1565,118,0,0
BRDA:1565,119,0,0
BRDA:1565,119,1,0
BRDA:1584,120,0,0
BRDA:1584,120,1,0
BRDA:1606,121,0,0
BRDA:1606,121,1,0
BRDA:1620,122,0,0
BRDA:1627,123,0,0
BRDA:1627,123,1,0
BRDA:1639,124,0,0
BRDA:1646,125,0,0
BRDA:1646,125,1,0
BRDA:1664,126,0,0
BRDA:1670,127,0,0
BRDA:1670,127,1,0
BRDA:1675,128,0,0
BRDA:1675,128,1,0
BRDA:1679,129,0,0
BRDA:1679,130,0,0
BRDA:1679,130,1,0
BRF:189
BRH:0
end_of_record
TN:
SF:src\jobs\dailyDigest.ts
FN:6,(anonymous_1)
FN:21,(anonymous_2)
FN:52,(anonymous_3)
FN:58,(anonymous_4)
FNF:4
FNH:0
FNDA:0,(anonymous_1)
FNDA:0,(anonymous_2)
FNDA:0,(anonymous_3)
FNDA:0,(anonymous_4)
DA:1,0
DA:2,0
DA:3,0
DA:4,0
DA:6,0
DA:7,0
DA:9,0
DA:11,0
DA:13,0
DA:14,0
DA:15,0
DA:18,0
DA:21,0
DA:22,0
DA:23,0
DA:25,0
DA:26,0
DA:29,0
DA:32,0
DA:35,0
DA:38,0
DA:43,0
DA:44,0
DA:47,0
DA:48,0
DA:51,0
DA:52,0
DA:55,0
DA:56,0
DA:58,0
DA:66,0
DA:69,0
DA:70,0
DA:72,0
DA:73,0
DA:74,0
DA:75,0
DA:80,0
DA:85,0
DA:86,0
DA:88,0
DA:89,0
DA:94,0
DA:104,0
DA:105,0
DA:106,0
DA:107,0
DA:110,0
DA:111,0
LF:49
LH:0
BRDA:13,0,0,0
BRDA:22,1,0,0
BRDA:55,2,0,0
BRF:3
BRH:0
end_of_record
TN:
SF:src\jobs\dailyEventDigest.ts
FN:7,(anonymous_1)
FN:22,(anonymous_2)
FN:27,(anonymous_3)
FN:37,(anonymous_4)
FN:49,(anonymous_5)
FN:59,(anonymous_6)
FN:61,(anonymous_7)
FN:62,(anonymous_8)
FN:108,(anonymous_9)
FN:119,(anonymous_10)
FN:120,(anonymous_11)
FNF:11
FNH:0
FNDA:0,(anonymous_1)
FNDA:0,(anonymous_2)
FNDA:0,(anonymous_3)
FNDA:0,(anonymous_4)
FNDA:0,(anonymous_5)
FNDA:0,(anonymous_6)
FNDA:0,(anonymous_7)
FNDA:0,(anonymous_8)
FNDA:0,(anonymous_9)
FNDA:0,(anonymous_10)
FNDA:0,(anonymous_11)
DA:1,0
DA:2,0
DA:3,0
DA:4,0
DA:5,0
DA:7,0
DA:8,0
DA:10,0
DA:12,0
DA:14,0
DA:15,0
DA:16,0
DA:19,0
DA:22,0
DA:23,0
DA:26,0
DA:27,0
DA:28,0
DA:29,0
DA:30,0
DA:32,0
DA:36,0
DA:37,0
DA:38,0
DA:40,0
DA:41,0
DA:43,0
DA:47,0
DA:49,0
DA:51,0
DA:52,0
DA:54,0
DA:55,0
DA:59,0
DA:60,0
DA:61,0
DA:62,0
DA:65,0
DA:78,0
DA:79,0
DA:82,0
DA:87,0
DA:88,0
DA:90,0
DA:91,0
DA:93,0
DA:97,0
DA:101,0
DA:103,0
DA:104,0
DA:107,0
DA:108,0
DA:109,0
DA:110,0
DA:114,0
DA:117,0
DA:118,0
DA:119,0
DA:120,0
DA:122,0
DA:123,0
DA:124,0
DA:127,0
DA:128,0
DA:132,0
DA:137,0
DA:138,0
DA:142,0
DA:143,0
DA:146,0
DA:151,0
DA:153,0
DA:154,0
LF:73
LH:0
BRDA:14,0,0,0
BRDA:29,1,0,0
BRDA:38,2,0,0
BRDA:40,3,0,0
BRDA:54,4,0,0
BRDA:59,5,0,0
BRDA:59,5,1,0
BRDA:72,6,0,0
BRDA:72,6,1,0
BRDA:73,7,0,0
BRDA:73,7,1,0
BRDA:90,8,0,0
BRDA:104,9,0,0
BRDA:104,9,1,0
BRDA:109,10,0,0
BRDA:114,11,0,0
BRDA:120,12,0,0
BRDA:120,12,1,0
BRDA:123,13,0,0
BRDA:123,13,1,0
BRDA:123,14,0,0
BRDA:123,14,1,0
BRDA:124,15,0,0
BRDA:124,15,1,0
BRDA:127,16,0,0
BRDA:127,16,1,0
BRDA:128,17,0,0
BRDA:128,17,1,0
BRDA:132,18,0,0
BRDA:132,18,1,0
BRF:30
BRH:0
end_of_record
TN:
SF:src\jobs\dailyNewArtistDigest.ts
FN:6,(anonymous_1)
FN:24,(anonymous_2)
FNF:2
FNH:0
FNDA:0,(anonymous_1)
FNDA:0,(anonymous_2)
DA:1,0
DA:2,0
DA:3,0
DA:4,0
DA:6,0
DA:7,0
DA:9,0
DA:11,0
DA:16,0
DA:17,0
DA:18,0
DA:21,0
DA:24,0
DA:27,0
DA:31,0
DA:33,0
DA:34,0
DA:36,0
DA:40,0
DA:44,0
DA:45,0
DA:51,0
DA:52,0
DA:54,0
DA:55,0
DA:56,0
DA:61,0
DA:62,0
DA:64,0
DA:65,0
DA:70,0
DA:75,0
DA:76,0
DA:77,0
DA:78,0
DA:79,0
DA:82,0
DA:83,0
LF:38
LH:0
BRDA:16,0,0,0
BRDA:33,1,0,0
BRF:2
BRH:0
end_of_record
TN:
SF:src\jobs\scryfallArtistSync.ts
FN:38,(anonymous_1)
FN:56,(anonymous_2)
FN:102,(anonymous_3)
FN:103,(anonymous_4)
FNF:4
FNH:0
FNDA:0,(anonymous_1)
FNDA:0,(anonymous_2)
FNDA:0,(anonymous_3)
FNDA:0,(anonymous_4)
DA:1,0
DA:2,0
DA:3,0
DA:4,0
DA:5,0
DA:7,0
DA:11,0
DA:38,0
DA:39,0
DA:41,0
DA:43,0
DA:44,0
DA:45,0
DA:46,0
DA:49,0
DA:53,0
DA:56,0
DA:57,0
DA:59,0
DA:60,0
DA:61,0
DA:66,0
DA:67,0
DA:68,0
DA:69,0
DA:70,0
DA:75,0
DA:76,0
DA:77,0
DA:82,0
DA:89,0
DA:90,0
DA:93,0
DA:94,0
DA:96,0
DA:97,0
DA:98,0
DA:102,0
DA:103,0
DA:105,0
DA:112,0
DA:118,0
DA:119,0
DA:120,0
DA:121,0
DA:126,0
DA:127,0
DA:129,0
DA:133,0
DA:135,0
DA:139,0
DA:140,0
LF:52
LH:0
BRDA:60,0,0,0
BRDA:69,1,0,0
BRDA:69,2,0,0
BRDA:69,2,1,0
BRDA:77,3,0,0
BRDA:78,4,0,0
BRDA:78,4,1,0
BRDA:78,4,2,0
BRDA:93,5,0,0
BRDA:93,5,1,0
BRDA:93,6,0,0
BRDA:93,6,1,0
BRDA:96,7,0,0
BRF:13
BRH:0
end_of_record
TN:
SF:src\jobs\socialMediaSync.ts
FN:7,(anonymous_1)
FN:24,(anonymous_2)
FN:50,syncBluesky
FN:63,(anonymous_4)
FNF:4
FNH:0
FNDA:0,(anonymous_1)
FNDA:0,(anonymous_2)
FNDA:0,syncBluesky
FNDA:0,(anonymous_4)
DA:1,0
DA:2,0
DA:3,0
DA:5,0
DA:7,0
DA:8,0
DA:10,0
DA:11,0
DA:15,0
DA:19,0
DA:20,0
DA:21,0
DA:24,0
DA:26,0
DA:27,0
DA:30,0
DA:31,0
DA:34,0
DA:37,0
DA:38,0
DA:41,0
DA:43,0
DA:51,0
DA:53,0
DA:54,0
DA:57,0
DA:58,0
DA:60,0
DA:63,0
DA:65,0
DA:66,0
DA:67,0
DA:68,0
DA:71,0
DA:72,0
DA:74,0
DA:75,0
DA:93,0
DA:94,0
DA:97,0
DA:98,0
DA:100,0
DA:103,0
LF:43
LH:0
BRDA:19,0,0,0
BRDA:30,1,0,0
BRDA:54,2,0,0
BRDA:60,3,0,0
BRDA:60,3,1,0
BRDA:74,4,0,0
BRDA:83,5,0,0
BRDA:83,5,1,0
BRDA:97,6,0,0
BRDA:97,6,1,0
BRDA:103,7,0,0
BRDA:103,7,1,0
BRF:12
BRH:0
end_of_record
TN:
SF:src\middleware\auth.ts
FN:10,(anonymous_1)
FN:38,(anonymous_2)
FN:46,(anonymous_3)
FN:54,(anonymous_4)
FN:58,(anonymous_5)
FN:64,(anonymous_6)
FNF:6
FNH:6
FNDA:6,(anonymous_1)
FNDA:5,(anonymous_2)
FNDA:1,(anonymous_3)
FNDA:3,(anonymous_4)
FNDA:7,(anonymous_5)
FNDA:4,(anonymous_6)
DA:2,1
DA:10,1
DA:12,6
DA:14,6
DA:15,1
DA:16,1
DA:19,5
DA:21,5
DA:22,1
DA:23,1
DA:26,4
DA:27,4
DA:28,1
DA:29,1
DA:30,1
DA:31,1
DA:33,3
DA:34,3
DA:38,1
DA:39,5
DA:46,1
DA:47,1
DA:54,1
DA:55,3
DA:58,1
DA:59,7
DA:60,3
DA:64,1
DA:65,4
DA:66,3
DA:67,2
LF:31
LH:31
BRDA:14,0,0,1
BRDA:21,1,0,1
BRDA:21,2,0,5
BRDA:21,2,1,4
BRDA:59,3,0,3
BRDA:66,4,0,2
BRF:6
BRH:6
end_of_record
TN:
SF:src\models\Artist.ts
FNF:0
FNH:0
DA:1,0
DA:29,0
DA:103,0
LF:3
LH:0
BRF:0
BRH:0
end_of_record
TN:
SF:src\models\ArtistChange.ts
FNF:0
FNH:0
DA:1,0
DA:3,0
DA:60,0
LF:3
LH:0
BRF:0
BRH:0
end_of_record
TN:
SF:src\models\ArtistPost.ts
FNF:0
FNH:0
DA:1,0
DA:15,0
DA:28,0
DA:30,0
LF:4
LH:0
BRF:0
BRH:0
end_of_record
TN:
SF:src\models\CardKingdomPrice.ts
FNF:0
FNH:0
DA:1,0
DA:3,0
DA:24,0
DA:25,0
DA:26,0
DA:27,0
DA:29,0
LF:7
LH:0
BRF:0
BRH:0
end_of_record
TN:
SF:src\models\CardPrice.ts
FNF:0
FNH:0
DA:1,0
DA:3,0
DA:26,0
DA:27,0
DA:28,0
DA:30,0
LF:6
LH:0
BRF:0
BRH:0
end_of_record
TN:
SF:src\models\EventChange.ts
FNF:0
FNH:0
DA:1,0
DA:3,0
DA:59,0
LF:3
LH:0
BRF:0
BRH:0
end_of_record
TN:
SF:src\models\LinkClick.ts
FNF:0
FNH:0
DA:1,0
DA:3,0
DA:9,0
LF:3
LH:0
BRF:0
BRH:0
end_of_record
TN:
SF:src\models\MapArtistToEvent.ts
FNF:0
FNH:0
DA:1,0
DA:8,0
DA:19,0
LF:3
LH:0
BRF:0
BRH:0
end_of_record
TN:
SF:src\models\NewsReview.ts
FNF:0
FNH:0
DA:1,0
DA:21,0
DA:41,0
DA:42,0
DA:45,0
DA:47,0
LF:6
LH:0
BRF:0
BRH:0
end_of_record
TN:
SF:src\models\PriceClick.ts
FNF:0
FNH:0
DA:1,0
DA:3,0
DA:11,0
LF:3
LH:0
BRF:0
BRH:0
end_of_record
TN:
SF:src\models\SigningBatch.ts
FNF:0
FNH:0
DA:1,0
DA:3,0
DA:22,0
DA:33,0
DA:35,0
LF:5
LH:0
BRF:0
BRH:0
end_of_record
TN:
SF:src\models\SigningEvent.ts
FNF:0
FNH:0
DA:1,0
DA:3,0
DA:33,0
LF:3
LH:0
BRF:0
BRH:0
end_of_record
TN:
SF:src\models\User.ts
FNF:0
FNH:0
DA:1,0
DA:18,0
DA:69,0
LF:3
LH:0
BRF:0
BRH:0
end_of_record
TN:
SF:src\models\UserCardCollection.ts
FNF:0
FNH:0
DA:1,0
DA:3,0
DA:17,0
DA:19,0
LF:4
LH:0
BRF:0
BRH:0
end_of_record
TN:
SF:src\routes\sitemap.ts
FN:19,(anonymous_1)
FNF:1
FNH:0
FNDA:0,(anonymous_1)
DA:1,0
DA:2,0
DA:3,0
DA:5,0
DA:7,0
DA:9,0
DA:19,0
DA:20,0
DA:21,0
DA:26,0
DA:28,0
DA:30,0
DA:31,0
DA:39,0
DA:40,0
DA:41,0
DA:49,0
DA:50,0
DA:53,0
DA:61,0
DA:66,0
DA:67,0
DA:68,0
DA:70,0
DA:71,0
DA:75,0
LF:26
LH:0
BRDA:50,0,0,0
BRDA:50,0,1,0
BRF:2
BRH:0
end_of_record
TN:
SF:src\schema\schema.ts
FN:5,(anonymous_0)
FN:34,(anonymous_1)
FN:44,(anonymous_2)
FN:57,(anonymous_3)
FN:66,(anonymous_4)
FN:73,(anonymous_5)
FN:86,(anonymous_6)
FN:96,(anonymous_7)
FN:104,(anonymous_8)
FN:113,(anonymous_9)
FN:129,(anonymous_10)
FN:151,(anonymous_11)
FN:159,(anonymous_12)
FN:177,(anonymous_13)
FN:193,(anonymous_14)
FN:210,(anonymous_15)
FN:232,(anonymous_16)
FN:246,(anonymous_17)
FN:255,(anonymous_18)
FN:263,(anonymous_19)
FN:272,(anonymous_20)
FN:280,(anonymous_21)
FN:286,(anonymous_22)
FN:295,(anonymous_23)
FN:312,(anonymous_24)
FN:318,(anonymous_25)
FNF:26
FNH:0
FNDA:0,(anonymous_0)
FNDA:0,(anonymous_1)
FNDA:0,(anonymous_2)
FNDA:0,(anonymous_3)
FNDA:0,(anonymous_4)
FNDA:0,(anonymous_5)
FNDA:0,(anonymous_6)
FNDA:0,(anonymous_7)
FNDA:0,(anonymous_8)
FNDA:0,(anonymous_9)
FNDA:0,(anonymous_10)
FNDA:0,(anonymous_11)
FNDA:0,(anonymous_12)
FNDA:0,(anonymous_13)
FNDA:0,(anonymous_14)
FNDA:0,(anonymous_15)
FNDA:0,(anonymous_16)
FNDA:0,(anonymous_17)
FNDA:0,(anonymous_18)
FNDA:0,(anonymous_19)
FNDA:0,(anonymous_20)
FNDA:0,(anonymous_21)
FNDA:0,(anonymous_22)
FNDA:0,(anonymous_23)
FNDA:0,(anonymous_24)
FNDA:0,(anonymous_25)
DA:1,0
DA:3,0
DA:5,0
DA:32,0
DA:34,0
DA:42,0
DA:44,0
DA:55,0
DA:57,0
DA:64,0
DA:66,0
DA:71,0
DA:73,0
DA:84,0
DA:86,0
DA:94,0
DA:96,0
DA:102,0
DA:104,0
DA:111,0
DA:113,0
DA:127,0
DA:129,0
DA:149,0
DA:151,0
DA:157,0
DA:159,0
DA:175,0
DA:177,0
DA:191,0
DA:193,0
DA:208,0
DA:210,0
DA:230,0
DA:232,0
DA:244,0
DA:246,0
DA:253,0
DA:255,0
DA:261,0
DA:263,0
DA:270,0
DA:272,0
DA:278,0
DA:280,0
DA:288,0
DA:289,0
DA:290,0
DA:297,0
DA:298,0
DA:299,0
DA:312,0
DA:318,0
LF:53
LH:0
BRDA:288,0,0,0
BRDA:289,1,0,0
BRDA:289,2,0,0
BRDA:289,2,1,0
BRDA:297,3,0,0
BRDA:298,4,0,0
BRDA:298,5,0,0
BRDA:298,5,1,0
BRDA:312,6,0,0
BRDA:312,6,1,0
BRDA:318,7,0,0
BRDA:318,7,1,0
BRF:12
BRH:0
end_of_record
TN:
SF:src\scripts\backfillArtistNames.ts
FN:8,backfill
FN:28,(anonymous_2)
FN:62,(anonymous_3)
FN:69,(anonymous_4)
FNF:4
FNH:0
FNDA:0,backfill
FNDA:0,(anonymous_2)
FNDA:0,(anonymous_3)
FNDA:0,(anonymous_4)
DA:1,0
DA:2,0
DA:3,0
DA:4,0
DA:6,0
DA:9,0
DA:10,0
DA:12,0
DA:15,0
DA:17,0
DA:18,0
DA:19,0
DA:20,0
DA:23,0
DA:24,0
DA:26,0
DA:27,0
DA:28,0
DA:33,0
DA:34,0
DA:35,0
DA:37,0
DA:38,0
DA:39,0
DA:40,0
DA:44,0
DA:45,0
DA:46,0
DA:47,0
DA:48,0
DA:49,0
DA:51,0
DA:52,0
DA:56,0
DA:57,0
DA:60,0
DA:62,0
DA:65,0
DA:66,0
DA:69,0
DA:70,0
DA:71,0
LF:42
LH:0
BRDA:17,0,0,0
BRDA:35,1,0,0
BRDA:35,1,1,0
BRDA:39,2,0,0
BRDA:39,3,0,0
BRDA:39,3,1,0
BRDA:39,3,2,0
BRDA:47,4,0,0
BRDA:47,4,1,0
BRDA:62,5,0,0
BRF:10
BRH:0
end_of_record
TN:
SF:src\services\aiNewsService.ts
FN:11,generateWithRetry
FN:31,(anonymous_1)
FN:43,generateNewsArticle
FNF:3
FNH:0
FNDA:0,generateWithRetry
FNDA:0,(anonymous_1)
FNDA:0,generateNewsArticle
DA:1,0
DA:3,0
DA:12,0
DA:14,0
DA:15,0
DA:16,0
DA:17,0
DA:20,0
DA:24,0
DA:26,0
DA:28,0
DA:29,0
DA:30,0
DA:31,0
DA:32,0
DA:36,0
DA:40,0
DA:43,0
DA:49,0
DA:77,0
DA:78,0
DA:79,0
DA:82,0
DA:84,0
DA:86,0
DA:87,0
DA:89,0
DA:90,0
DA:91,0
DA:92,0
DA:95,0
DA:97,0
DA:98,0
DA:99,0
DA:102,0
DA:103,0
DA:105,0
DA:107,0
DA:108,0
DA:110,0
DA:111,0
DA:113,0
DA:114,0
DA:117,0
LF:44
LH:0
BRDA:3,0,0,0
BRDA:3,0,1,0
BRDA:11,1,0,0
BRDA:20,2,0,0
BRDA:20,2,1,0
BRDA:20,2,2,0
BRDA:24,3,0,0
BRDA:28,4,0,0
BRDA:54,5,0,0
BRDA:54,5,1,0
BRDA:78,6,0,0
BRDA:90,7,0,0
BRDA:97,8,0,0
BRDA:97,9,0,0
BRDA:97,9,1,0
BRDA:97,9,2,0
BRDA:107,10,0,0
BRDA:107,11,0,0
BRDA:107,11,1,0
BRDA:110,12,0,0
BRDA:110,13,0,0
BRDA:110,13,1,0
BRDA:113,14,0,0
BRDA:113,15,0,0
BRDA:113,15,1,0
BRDA:117,16,0,0
BRDA:117,16,1,0
BRF:27
BRH:0
end_of_record
TN:
SF:src\services\cardKingdomPriceSync.ts
FN:8,(anonymous_1)
FN:37,(anonymous_2)
FN:83,(anonymous_3)
FN:85,(anonymous_4)
FNF:4
FNH:0
FNDA:0,(anonymous_1)
FNDA:0,(anonymous_2)
FNDA:0,(anonymous_3)
FNDA:0,(anonymous_4)
DA:1,0
DA:2,0
DA:3,0
DA:5,0
DA:6,0
DA:8,0
DA:9,0
DA:11,0
DA:12,0
DA:22,0
DA:23,0
DA:27,0
DA:29,0
DA:32,0
DA:33,0
DA:36,0
DA:37,0
DA:39,0
DA:40,0
DA:42,0
DA:63,0
DA:65,0
DA:68,0
DA:71,0
DA:72,0
DA:78,0
DA:83,0
DA:85,0
DA:86,0
DA:89,0
LF:30
LH:0
BRDA:27,0,0,0
BRDA:27,0,1,0
BRDA:27,1,0,0
BRDA:27,1,1,0
BRDA:39,2,0,0
BRDA:39,2,1,0
BRDA:40,3,0,0
BRDA:40,3,1,0
BRDA:48,4,0,0
BRDA:48,4,1,0
BRDA:49,5,0,0
BRDA:49,5,1,0
BRDA:50,6,0,0
BRDA:50,6,1,0
BRDA:51,7,0,0
BRDA:51,7,1,0
BRDA:52,8,0,0
BRDA:52,8,1,0
BRDA:53,9,0,0
BRDA:53,9,1,0
BRDA:71,10,0,0
BRDA:71,10,1,0
BRF:22
BRH:0
end_of_record
TN:
SF:src\services\emailService.ts
FN:20,(anonymous_1)
FN:30,(anonymous_2)
FN:49,(anonymous_3)
FNF:3
FNH:0
FNDA:0,(anonymous_1)
FNDA:0,(anonymous_2)
FNDA:0,(anonymous_3)
DA:1,0
DA:2,0
DA:3,0
DA:6,0
DA:15,0
DA:20,0
DA:21,0
DA:30,0
DA:31,0
DA:32,0
DA:34,0
DA:37,0
DA:38,0
DA:39,0
DA:40,0
DA:41,0
DA:43,0
DA:44,0
DA:46,0
DA:47,0
DA:48,0
DA:49,0
DA:54,0
LF:23
LH:0
BRDA:22,0,0,0
BRDA:22,0,1,0
BRDA:46,1,0,0
BRF:3
BRH:0
end_of_record
TN:
SF:src\services\priceSyncService.ts
FN:8,(anonymous_1)
FN:30,(anonymous_2)
FN:47,(anonymous_3)
FN:49,(anonymous_4)
FNF:4
FNH:0
FNDA:0,(anonymous_1)
FNDA:0,(anonymous_2)
FNDA:0,(anonymous_3)
FNDA:0,(anonymous_4)
DA:1,0
DA:2,0
DA:3,0
DA:5,0
DA:6,0
DA:8,0
DA:9,0
DA:11,0
DA:12,0
DA:18,0
DA:19,0
DA:20,0
DA:22,0
DA:25,0
DA:26,0
DA:29,0
DA:30,0
DA:35,0
DA:37,0
DA:40,0
DA:43,0
DA:47,0
DA:49,0
DA:50,0
DA:53,0
LF:25
LH:0
BRF:0
BRH:0
end_of_record
TN:
SF:src\services\s3UploadService.ts
FN:24,(anonymous_0)
FN:59,(anonymous_1)
FNF:2
FNH:0
FNDA:0,(anonymous_0)
FNDA:0,(anonymous_1)
DA:1,0
DA:2,0
DA:4,0
DA:5,0
DA:7,0
DA:24,0
DA:30,0
DA:31,0
DA:34,0
DA:35,0
DA:37,0
DA:45,0
DA:48,0
DA:50,0
DA:59,0
DA:60,0
DA:62,0
DA:63,0
DA:65,0
DA:70,0
DA:71,0
DA:73,0
DA:74,0
LF:23
LH:0
BRDA:5,0,0,0
BRDA:5,0,1,0
BRDA:34,1,0,0
BRDA:34,1,1,0
BRF:4
BRH:0
end_of_record
TN:
SF:src\templates\digestEmail.ts
FN:29,(anonymous_0)
FN:32,(anonymous_1)
FN:34,(anonymous_2)
FN:35,(anonymous_3)
FN:36,(anonymous_4)
FN:49,(anonymous_5)
FN:69,(anonymous_6)
FN:75,(anonymous_7)
FN:90,(anonymous_8)
FNF:9
FNH:9
FNDA:17,(anonymous_0)
FNDA:18,(anonymous_1)
FNDA:13,(anonymous_2)
FNDA:13,(anonymous_3)
FNDA:13,(anonymous_4)
FNDA:3,(anonymous_5)
FNDA:6,(anonymous_6)
FNDA:10,(anonymous_7)
FNDA:4,(anonymous_8)
DA:6,1
DA:29,1
DA:30,17
DA:32,17
DA:34,18
DA:35,18
DA:36,18
DA:38,18
DA:44,18
DA:45,2
DA:49,2
DA:50,3
DA:57,2
DA:67,18
DA:69,6
DA:70,6
DA:75,6
DA:76,10
DA:78,6
DA:85,18
DA:86,4
DA:90,4
DA:91,4
DA:92,4
DA:93,4
DA:102,4
DA:105,18
DA:114,18
DA:117,17
LF:29
LH:29
BRDA:30,0,0,17
BRDA:30,0,1,16
BRDA:44,1,0,2
BRDA:47,2,0,1
BRDA:47,2,1,1
BRDA:52,3,0,3
BRDA:52,3,1,0
BRDA:53,4,0,3
BRDA:53,4,1,0
BRDA:60,5,0,1
BRDA:60,5,1,1
BRDA:67,6,0,6
BRDA:76,7,0,10
BRDA:76,7,1,1
BRDA:85,8,0,4
BRDA:88,9,0,0
BRDA:88,9,1,4
BRDA:97,10,0,3
BRDA:97,10,1,1
BRF:19
BRH:16
end_of_record
TN:
SF:src\templates\eventDigestEmail.ts
FN:14,(anonymous_0)
FN:15,(anonymous_1)
FN:23,(anonymous_2)
FN:43,(anonymous_3)
FNF:4
FNH:4
FNDA:16,(anonymous_0)
FNDA:33,(anonymous_1)
FNDA:17,(anonymous_2)
FNDA:4,(anonymous_3)
DA:14,1
DA:15,16
DA:16,33
DA:23,16
DA:24,17
DA:28,17
DA:29,17
DA:30,17
DA:32,17
DA:36,17
DA:44,4
DA:45,4
DA:56,17
DA:79,16
LF:14
LH:14
BRDA:24,0,0,1
BRDA:24,0,1,16
BRDA:29,1,0,17
BRDA:29,1,1,14
BRDA:29,2,0,1
BRDA:29,2,1,13
BRDA:32,3,0,4
BRDA:32,3,1,13
BRDA:32,4,0,17
BRDA:32,4,1,4
BRDA:33,5,0,3
BRDA:33,5,1,1
BRDA:36,6,0,2
BRDA:36,6,1,15
BRDA:36,7,0,17
BRDA:36,7,1,3
BRDA:46,8,0,1
BRDA:46,8,1,3
BRDA:46,9,0,1
BRDA:46,9,1,3
BRDA:46,10,0,1
BRDA:46,10,1,3
BRDA:46,11,0,1
BRDA:46,11,1,3
BRDA:47,12,0,1
BRDA:47,12,1,3
BRDA:65,13,0,16
BRDA:65,13,1,1
BRDA:67,14,0,16
BRDA:67,14,1,1
BRF:30
BRH:30
end_of_record
TN:
SF:src\templates\missingArtistsEmail.ts
FN:6,(anonymous_0)
FN:13,(anonymous_1)
FN:17,(anonymous_2)
FNF:3
FNH:0
FNDA:0,(anonymous_0)
FNDA:0,(anonymous_1)
FNDA:0,(anonymous_2)
DA:6,0
DA:12,0
DA:13,0
DA:16,0
DA:17,0
DA:20,0
DA:33,0
DA:46,0
LF:8
LH:0
BRDA:20,0,0,0
BRDA:20,0,1,0
BRDA:33,1,0,0
BRDA:33,1,1,0
BRF:4
BRH:0
end_of_record
TN:
SF:src\templates\newArtistDigestEmail.ts
FN:1,(anonymous_0)
FN:2,(anonymous_1)
FNF:2
FNH:2
FNDA:11,(anonymous_0)
FNDA:12,(anonymous_1)
DA:1,1
DA:2,12
DA:11,11
DA:12,11
DA:14,11
LF:5
LH:5
BRDA:4,0,0,12
BRDA:4,0,1,11
BRDA:12,1,0,7
BRDA:12,1,1,4
BRDA:37,2,0,11
BRDA:37,2,1,10
BRDA:45,3,0,11
BRDA:45,3,1,10
BRDA:54,4,0,11
BRDA:54,4,1,10
BRF:10
BRH:10
end_of_record
TN:
SF:src\templates\welcomeEmail.ts
FN:1,(anonymous_0)
FNF:1
FNH:1
FNDA:8,(anonymous_0)
DA:1,1
DA:2,8
DA:4,8
LF:3
LH:3
BRDA:2,0,0,8
BRDA:2,0,1,7
BRF:2
BRH:2
end_of_record
TN:
SF:src\utils\artistCache.ts
FN:10,cacheGet
FN:17,cacheSet
FN:21,invalidateArtistCache
FN:22,(anonymous_3)
FNF:4
FNH:4
FNDA:15,cacheGet
FNDA:14,cacheSet
FNDA:18,invalidateArtistCache
FNDA:36,(anonymous_3)
DA:1,1
DA:6,1
DA:8,1
DA:10,1
DA:11,15
DA:12,15
DA:13,10
DA:14,7
DA:17,1
DA:18,14
DA:21,1
DA:22,36
LF:12
LH:12
BRDA:12,0,0,5
BRDA:13,1,0,3
BRDA:17,2,0,11
BRF:3
BRH:3
end_of_record
TN:
SF:src\utils\connection.ts
FN:3,(anonymous_0)
FNF:1
FNH:0
FNDA:0,(anonymous_0)
DA:1,0
DA:3,0
DA:4,0
DA:5,0
DA:7,0
DA:8,0
LF:6
LH:0
BRF:0
BRH:0
end_of_record
